<?xml version="1.0" encoding="UTF-8"?>
<!-- Generated by org.testng.reporters.JUnitXMLReporter -->
<testsuite hostname="SL-1155.attlocal.net" failures="0" tests="12" name="Command line test" time="65.454" errors="0" timestamp="30 Apr 2019 14:20:44 GMT">
  <testcase classname="com.DemoTest.Tests.WebDemoTest" name="Login" time="30.017"/>
  <testcase classname="com.DemoTest.Tests.WebDemoTest" name="Login" time="30.853"/>
  <testcase classname="com.DemoTest.Tests.WebDemoTest" name="Login" time="36.115"/>
  <testcase classname="com.DemoTest.Tests.WebDemoTest" name="Loginother" time="21.524"/>
  <testcase classname="com.DemoTest.Tests.WebDemoTest" name="Loginother" time="21.641"/>
  <testcase classname="com.DemoTest.Tests.WebDemoTest" name="Loginother" time="21.945"/>
  <testcase classname="com.DemoTest.Tests.WebDemoTest" name="Loginother" time="21.957"/>
  <testcase classname="com.DemoTest.Tests.WebDemoTest" name="Loginother" time="22.102"/>
  <testcase classname="com.DemoTest.Tests.WebDemoTest" name="Loginother" time="23.595"/>
  <testcase classname="com.DemoTest.Tests.WebDemoTest" name="Loginother" time="24.688"/>
  <testcase classname="com.DemoTest.Tests.WebDemoTest" name="Loginother" time="26.664"/>
  <testcase classname="com.DemoTest.Tests.WebDemoTest" name="Loginother" time="28.58"/>
</testsuite> <!-- Command line test -->
