<?xml version="1.0" encoding="UTF-8" ?>
<testsuite tests="108" failures="55" name="TestSuite" time="742.931" errors="0" skipped="0">
  <properties>
[...]
</properties>
  <testcase classname="com.DemoTest.Tests.WebDemoTest" name="Login" time="23.253"/>
  <testcase classname="com.DemoTest.Tests.WebDemoTest" name="Login" time="25.566"/>
  <testcase classname="com.DemoTest.Tests.WebDemoTest" name="Login" time="29.554">
    <failure message="expected [false] but found [true]" type="java.lang.AssertionError">java.lang.AssertionError: expected [false] but found [true]
	at org.testng.Assert.fail(Assert.java:94)
	at org.testng.Assert.failNotEquals(Assert.java:513)
	at org.testng.Assert.assertEqualsImpl(Assert.java:135)
	at org.testng.Assert.assertEquals(Assert.java:116)
	at org.testng.Assert.assertEquals(Assert.java:179)
	at com.DemoTest.Tests.WebDemoTest.Login(WebDemoTest.java:41)
</failure>
    <system-out>Click on Hamburger iconCan&apos;t execute login function: org.openqa.selenium.NoSuchElementException: Could not find element: {&quot;using&quot;:&quot;css selector&quot;,&quot;value&quot;:&quot;#menu_button_container &gt; div &gt; div:nth-child(3) &gt; div &gt; button&quot;} (WARNING: The server did not provide any stacktrace information)
Command duration or timeout: 12 milliseconds
For documentation on this error, please visit: http://seleniumhq.org/exceptions/no_such_element.html
Build info: version: &apos;2.48.0&apos;, revision: &apos;b7b081a&apos;, time: &apos;2015-10-07 15:48:56&apos;
System info: host: &apos;itako46087.prod.miso&apos;, ip: &apos;172.20.46.87&apos;, os.name: &apos;Mac OS X&apos;, os.arch: &apos;x86_64&apos;, os.version: &apos;10.11.6&apos;, java.version: &apos;1.8.0_102&apos;
Driver info: org.openqa.selenium.safari.SafariDriver
Capabilities [{browserName=safari, takesScreenshot=true, javascriptEnabled=true, version=10.0.1, cssSelectorsEnabled=true, platform=MAC, secureSsl=true}]
Session ID: null
*** Element info: {Using=css selector, value=#menu_button_container &gt; div &gt; div:nth-child(3) &gt; div &gt; button}
Command duration or timeout: 288 milliseconds
For documentation on this error, please visit: http://seleniumhq.org/exceptions/no_such_element.html
Build info: version: &apos;2.53.1&apos;, revision: &apos;a36b8b1cd5757287168e54b817830adce9b0158d&apos;, time: &apos;2016-06-30 19:26:09&apos;
System info: host: &apos;SL-1155.attlocal.net&apos;, ip: &apos;192.168.1.104&apos;, os.name: &apos;Mac OS X&apos;, os.arch: &apos;x86_64&apos;, os.version: &apos;10.14&apos;, java.version: &apos;11.0.2&apos;
Driver info: org.openqa.selenium.remote.RemoteWebDriver
Capabilities [{webdriver.remote.sessionid=501d1378084b4da8a8266465ef923f7b, takesScreenshot=true, browserName=safari, javascriptEnabled=true, hasMetadata=true, version=10.0.1, cssSelectorsEnabled=true, platform=MAC, secureSsl=true}]
Session ID: 501d1378084b4da8a8266465ef923f7b
*** Element info: {Using=css selector, value=#menu_button_container &gt; div &gt; div:nth-child(3) &gt; div &gt; button}</system-out>
  </testcase>
  <testcase classname="com.DemoTest.Tests.WebDemoTest" name="Login" time="40.523"/>
  <testcase classname="com.DemoTest.Tests.WebDemoTest" name="LoginLockedoutUser" time="17.612">
    <failure message="expected [false] but found [true]" type="java.lang.AssertionError">java.lang.AssertionError: expected [false] but found [true]
	at org.testng.Assert.fail(Assert.java:94)
	at org.testng.Assert.failNotEquals(Assert.java:513)
	at org.testng.Assert.assertEqualsImpl(Assert.java:135)
	at org.testng.Assert.assertEquals(Assert.java:116)
	at org.testng.Assert.assertEquals(Assert.java:179)
	at com.DemoTest.Tests.WebDemoTest.LoginLockedoutUser(WebDemoTest.java:66)
</failure>
    <system-out>Starting Login Locked out User function nowEnter username: locked_out_userStarting Login Locked out User function nowEnter username: locked_out_userEnter Password: secret_sauceEnter Password: secret_sauceStarting Login Locked out User function nowEnter username: locked_out_userClick Login buttonClick Login buttonEnter Password: secret_sauceClick Login buttonStarting Login Locked out User function nowEnter username: locked_out_userStarting Login Locked out User function nowEnter username: locked_out_userStarting Login Locked out User function nowEnter username: locked_out_userEnter Password: secret_sauceEnter Password: secret_sauceClick on Hamburger iconEnter Password: secret_sauceClick Login buttonClick Login buttonClick Login buttonClick on Hamburger iconClick on Hamburger iconStarting Login Locked out User function nowEnter username: locked_out_userClick on Hamburger iconCan&apos;t execute login Locked out User function: org.openqa.selenium.NoSuchElementException: no such element: Unable to locate element: {&quot;method&quot;:&quot;css selector&quot;,&quot;selector&quot;:&quot;#menu_button_container &gt; div &gt; div:nth-child(3) &gt; div &gt; button&quot;}
  (Session info: chrome=48.0.2564.97)
  (Driver info: chromedriver=2.21.371459 (36d3d07f660ff2bc1bf28a75d1cdabed0983e7c4),platform=Linux 3.13.0-83-generic x86) (WARNING: The server did not provide any stacktrace information)
Command duration or timeout: 1.70 seconds
For documentation on this error, please visit: http://seleniumhq.org/exceptions/no_such_element.html
Build info: version: &apos;2.53.1&apos;, revision: &apos;a36b8b1cd5757287168e54b817830adce9b0158d&apos;, time: &apos;2016-06-30 19:26:09&apos;
System info: host: &apos;SL-1155.attlocal.net&apos;, ip: &apos;192.168.1.104&apos;, os.name: &apos;Mac OS X&apos;, os.arch: &apos;x86_64&apos;, os.version: &apos;10.14&apos;, java.version: &apos;11.0.2&apos;
Driver info: org.openqa.selenium.remote.RemoteWebDriver
Capabilities [{applicationCacheEnabled=false, rotatable=false, mobileEmulationEnabled=false, chrome={chromedriverVersion=2.21.371459 (36d3d07f660ff2bc1bf28a75d1cdabed0983e7c4), userDataDir=/tmp/.com.google.Chrome.HpFiw4}, takesHeapSnapshot=true, hasMetadata=true, databaseEnabled=false, hasTouchScreen=false, handlesAlerts=true, version=48.0.2564.97, platform=LINUX, browserConnectionEnabled=false, nativeEvents=true, acceptSslCerts=true, webdriver.remote.sessionid=4e325a15aa4446c0bc283a441ddc9e0e, webStorageEnabled=true, locationContextEnabled=true, takesScreenshot=true, browserName=chrome, javascriptEnabled=true, cssSelectorsEnabled=true}]
Session ID: 4e325a15aa4446c0bc283a441ddc9e0e
*** Element info: {Using=css selector, value=#menu_button_container &gt; div &gt; div:nth-child(3) &gt; div &gt; button}</system-out>
  </testcase>
  <testcase classname="com.DemoTest.Tests.WebDemoTest" name="LoginLockedoutUser" time="18.699">
    <failure message="expected [false] but found [true]" type="java.lang.AssertionError">java.lang.AssertionError: expected [false] but found [true]
	at org.testng.Assert.fail(Assert.java:94)
	at org.testng.Assert.failNotEquals(Assert.java:513)
	at org.testng.Assert.assertEqualsImpl(Assert.java:135)
	at org.testng.Assert.assertEquals(Assert.java:116)
	at org.testng.Assert.assertEquals(Assert.java:179)
	at com.DemoTest.Tests.WebDemoTest.LoginLockedoutUser(WebDemoTest.java:66)
</failure>
    <system-out>Click on Hamburger iconClick on Hamburger iconStarting Login Locked out User function nowEnter username: locked_out_userCan&apos;t execute login Locked out User function: org.openqa.selenium.NoSuchElementException: no such element: Unable to locate element: {&quot;method&quot;:&quot;css selector&quot;,&quot;selector&quot;:&quot;#menu_button_container &gt; div &gt; div:nth-child(3) &gt; div &gt; button&quot;}
  (Session info: chrome=48.0.2564.97)
  (Driver info: chromedriver=2.21.371459 (36d3d07f660ff2bc1bf28a75d1cdabed0983e7c4),platform=Linux 3.13.0-83-generic x86) (WARNING: The server did not provide any stacktrace information)
Command duration or timeout: 1.49 seconds
For documentation on this error, please visit: http://seleniumhq.org/exceptions/no_such_element.html
Build info: version: &apos;2.53.1&apos;, revision: &apos;a36b8b1cd5757287168e54b817830adce9b0158d&apos;, time: &apos;2016-06-30 19:26:09&apos;
System info: host: &apos;SL-1155.attlocal.net&apos;, ip: &apos;192.168.1.104&apos;, os.name: &apos;Mac OS X&apos;, os.arch: &apos;x86_64&apos;, os.version: &apos;10.14&apos;, java.version: &apos;11.0.2&apos;
Driver info: org.openqa.selenium.remote.RemoteWebDriver
Capabilities [{applicationCacheEnabled=false, rotatable=false, mobileEmulationEnabled=false, chrome={chromedriverVersion=2.21.371459 (36d3d07f660ff2bc1bf28a75d1cdabed0983e7c4), userDataDir=/tmp/.com.google.Chrome.BZXOYp}, takesHeapSnapshot=true, hasMetadata=true, databaseEnabled=false, hasTouchScreen=false, handlesAlerts=true, version=48.0.2564.97, platform=LINUX, browserConnectionEnabled=false, nativeEvents=true, acceptSslCerts=true, webdriver.remote.sessionid=ebb2dced3d65497488bff3f4c3c44e50, webStorageEnabled=true, locationContextEnabled=true, takesScreenshot=true, browserName=chrome, javascriptEnabled=true, cssSelectorsEnabled=true}]
Session ID: ebb2dced3d65497488bff3f4c3c44e50
*** Element info: {Using=css selector, value=#menu_button_container &gt; div &gt; div:nth-child(3) &gt; div &gt; button}</system-out>
  </testcase>
  <testcase classname="com.DemoTest.Tests.WebDemoTest" name="LoginLockedoutUser" time="18.908">
    <failure message="expected [false] but found [true]" type="java.lang.AssertionError">java.lang.AssertionError: expected [false] but found [true]
	at org.testng.Assert.fail(Assert.java:94)
	at org.testng.Assert.failNotEquals(Assert.java:513)
	at org.testng.Assert.assertEqualsImpl(Assert.java:135)
	at org.testng.Assert.assertEquals(Assert.java:116)
	at org.testng.Assert.assertEquals(Assert.java:179)
	at com.DemoTest.Tests.WebDemoTest.LoginLockedoutUser(WebDemoTest.java:66)
</failure>
    <system-out>Can&apos;t execute login Locked out User function: org.openqa.selenium.NoSuchElementException: no such element: Unable to locate element: {&quot;method&quot;:&quot;css selector&quot;,&quot;selector&quot;:&quot;#menu_button_container &gt; div &gt; div:nth-child(3) &gt; div &gt; button&quot;}
  (Session info: chrome=48.0.2564.97)
  (Driver info: chromedriver=2.21.371459 (36d3d07f660ff2bc1bf28a75d1cdabed0983e7c4),platform=Linux 3.13.0-83-generic x86) (WARNING: The server did not provide any stacktrace information)
Command duration or timeout: 133 milliseconds
For documentation on this error, please visit: http://seleniumhq.org/exceptions/no_such_element.html
Build info: version: &apos;2.53.1&apos;, revision: &apos;a36b8b1cd5757287168e54b817830adce9b0158d&apos;, time: &apos;2016-06-30 19:26:09&apos;
System info: host: &apos;SL-1155.attlocal.net&apos;, ip: &apos;192.168.1.104&apos;, os.name: &apos;Mac OS X&apos;, os.arch: &apos;x86_64&apos;, os.version: &apos;10.14&apos;, java.version: &apos;11.0.2&apos;
Driver info: org.openqa.selenium.remote.RemoteWebDriver
Capabilities [{applicationCacheEnabled=false, rotatable=false, mobileEmulationEnabled=false, chrome={chromedriverVersion=2.21.371459 (36d3d07f660ff2bc1bf28a75d1cdabed0983e7c4), userDataDir=/tmp/.com.google.Chrome.h91Us6}, takesHeapSnapshot=true, hasMetadata=true, databaseEnabled=false, hasTouchScreen=false, handlesAlerts=true, version=48.0.2564.97, platform=LINUX, browserConnectionEnabled=false, nativeEvents=true, acceptSslCerts=true, webdriver.remote.sessionid=a5dc6932cc3247d49662acc95ee3a132, webStorageEnabled=true, locationContextEnabled=true, takesScreenshot=true, browserName=chrome, javascriptEnabled=true, cssSelectorsEnabled=true}]
Session ID: a5dc6932cc3247d49662acc95ee3a132
*** Element info: {Using=css selector, value=#menu_button_container &gt; div &gt; div:nth-child(3) &gt; div &gt; button}</system-out>
  </testcase>
  <testcase classname="com.DemoTest.Tests.WebDemoTest" name="LoginLockedoutUser" time="0.262">
    <failure message="expected [false] but found [true]" type="java.lang.AssertionError">java.lang.AssertionError: expected [false] but found [true]
	at org.testng.Assert.fail(Assert.java:94)
	at org.testng.Assert.failNotEquals(Assert.java:513)
	at org.testng.Assert.assertEqualsImpl(Assert.java:135)
	at org.testng.Assert.assertEquals(Assert.java:116)
	at org.testng.Assert.assertEquals(Assert.java:179)
	at com.DemoTest.Tests.WebDemoTest.LoginLockedoutUser(WebDemoTest.java:66)
</failure>
    <system-out>Enter Password: secret_sauceStarting Login Locked out User function nowEnter username: locked_out_userStarting Login Locked out User function nowEnter username: locked_out_userEnter Password: secret_sauceEnter Password: secret_sauceCan&apos;t execute login Locked out User function: org.openqa.selenium.NoSuchElementException: Unable to locate element: {&quot;method&quot;:&quot;css selector&quot;,&quot;selector&quot;:&quot;#menu_button_container &gt; div &gt; div:nth-child(3) &gt; div &gt; button&quot;}
For documentation on this error, please visit: http://seleniumhq.org/exceptions/no_such_element.html
Build info: version: &apos;2.53.1&apos;, revision: &apos;a36b8b1&apos;, time: &apos;2016-06-30 17:37:03&apos;
System info: host: &apos;chef&apos;, ip: &apos;127.0.1.1&apos;, os.name: &apos;Linux&apos;, os.arch: &apos;i386&apos;, os.version: &apos;3.13.0-83-generic&apos;, java.version: &apos;1.8.0_74&apos;
Driver info: driver.version: unknown
Command duration or timeout: 598 milliseconds
For documentation on this error, please visit: http://seleniumhq.org/exceptions/no_such_element.html
Build info: version: &apos;2.53.1&apos;, revision: &apos;a36b8b1cd5757287168e54b817830adce9b0158d&apos;, time: &apos;2016-06-30 19:26:09&apos;
System info: host: &apos;SL-1155.attlocal.net&apos;, ip: &apos;192.168.1.104&apos;, os.name: &apos;Mac OS X&apos;, os.arch: &apos;x86_64&apos;, os.version: &apos;10.14&apos;, java.version: &apos;11.0.2&apos;
Driver info: org.openqa.selenium.remote.RemoteWebDriver
Capabilities [{applicationCacheEnabled=true, rotatable=false, hasMetadata=true, databaseEnabled=true, handlesAlerts=true, version=45.0, platform=LINUX, nativeEvents=false, acceptSslCerts=true, webdriver.remote.sessionid=997c7157637941bd81e7ad5ca88467d9, locationContextEnabled=true, webStorageEnabled=true, takesScreenshot=true, browserName=firefox, javascriptEnabled=true, cssSelectorsEnabled=true}]
Session ID: 997c7157637941bd81e7ad5ca88467d9
*** Element info: {Using=css selector, value=#menu_button_container &gt; div &gt; div:nth-child(3) &gt; div &gt; button}</system-out>
  </testcase>
  <testcase classname="com.DemoTest.Tests.WebDemoTest" name="LoginLockedoutUser" time="1.033">
    <failure message="expected [false] but found [true]" type="java.lang.AssertionError">java.lang.AssertionError: expected [false] but found [true]
	at org.testng.Assert.fail(Assert.java:94)
	at org.testng.Assert.failNotEquals(Assert.java:513)
	at org.testng.Assert.assertEqualsImpl(Assert.java:135)
	at org.testng.Assert.assertEquals(Assert.java:116)
	at org.testng.Assert.assertEquals(Assert.java:179)
	at com.DemoTest.Tests.WebDemoTest.LoginLockedoutUser(WebDemoTest.java:66)
</failure>
    <system-out>Click Login buttonEnter Password: secret_sauceClick Login buttonCan&apos;t execute login Locked out User function: org.openqa.selenium.NoSuchElementException: Unable to locate element: {&quot;method&quot;:&quot;css selector&quot;,&quot;selector&quot;:&quot;#menu_button_container &gt; div &gt; div:nth-child(3) &gt; div &gt; button&quot;}
For documentation on this error, please visit: http://seleniumhq.org/exceptions/no_such_element.html
Build info: version: &apos;2.53.1&apos;, revision: &apos;a36b8b1&apos;, time: &apos;2016-06-30 17:37:03&apos;
System info: host: &apos;chef&apos;, ip: &apos;127.0.1.1&apos;, os.name: &apos;Linux&apos;, os.arch: &apos;i386&apos;, os.version: &apos;3.13.0-83-generic&apos;, java.version: &apos;1.8.0_74&apos;
Driver info: driver.version: unknown
Command duration or timeout: 557 milliseconds
For documentation on this error, please visit: http://seleniumhq.org/exceptions/no_such_element.html
Build info: version: &apos;2.53.1&apos;, revision: &apos;a36b8b1cd5757287168e54b817830adce9b0158d&apos;, time: &apos;2016-06-30 19:26:09&apos;
System info: host: &apos;SL-1155.attlocal.net&apos;, ip: &apos;192.168.1.104&apos;, os.name: &apos;Mac OS X&apos;, os.arch: &apos;x86_64&apos;, os.version: &apos;10.14&apos;, java.version: &apos;11.0.2&apos;
Driver info: org.openqa.selenium.remote.RemoteWebDriver
Capabilities [{applicationCacheEnabled=true, rotatable=false, hasMetadata=true, databaseEnabled=true, handlesAlerts=true, version=45.0, platform=LINUX, nativeEvents=false, acceptSslCerts=true, webdriver.remote.sessionid=1f5148eac7cc47288f198d7b0c5714c2, locationContextEnabled=true, webStorageEnabled=true, takesScreenshot=true, browserName=firefox, javascriptEnabled=true, cssSelectorsEnabled=true}]
Session ID: 1f5148eac7cc47288f198d7b0c5714c2
*** Element info: {Using=css selector, value=#menu_button_container &gt; div &gt; div:nth-child(3) &gt; div &gt; button}</system-out>
  </testcase>
  <testcase classname="com.DemoTest.Tests.WebDemoTest" name="LoginLockedoutUser" time="1.26">
    <failure message="expected [false] but found [true]" type="java.lang.AssertionError">java.lang.AssertionError: expected [false] but found [true]
	at org.testng.Assert.fail(Assert.java:94)
	at org.testng.Assert.failNotEquals(Assert.java:513)
	at org.testng.Assert.assertEqualsImpl(Assert.java:135)
	at org.testng.Assert.assertEquals(Assert.java:116)
	at org.testng.Assert.assertEquals(Assert.java:179)
	at com.DemoTest.Tests.WebDemoTest.LoginLockedoutUser(WebDemoTest.java:66)
</failure>
    <system-out>Can&apos;t execute login Locked out User function: org.openqa.selenium.NoSuchElementException: Unable to locate element: {&quot;method&quot;:&quot;css selector&quot;,&quot;selector&quot;:&quot;#menu_button_container &gt; div &gt; div:nth-child(3) &gt; div &gt; button&quot;}
For documentation on this error, please visit: http://seleniumhq.org/exceptions/no_such_element.html
Build info: version: &apos;2.53.1&apos;, revision: &apos;a36b8b1&apos;, time: &apos;2016-06-30 17:37:03&apos;
System info: host: &apos;chef&apos;, ip: &apos;127.0.1.1&apos;, os.name: &apos;Linux&apos;, os.arch: &apos;i386&apos;, os.version: &apos;3.13.0-83-generic&apos;, java.version: &apos;1.8.0_74&apos;
Driver info: driver.version: unknown
Command duration or timeout: 577 milliseconds
For documentation on this error, please visit: http://seleniumhq.org/exceptions/no_such_element.html
Build info: version: &apos;2.53.1&apos;, revision: &apos;a36b8b1cd5757287168e54b817830adce9b0158d&apos;, time: &apos;2016-06-30 19:26:09&apos;
System info: host: &apos;SL-1155.attlocal.net&apos;, ip: &apos;192.168.1.104&apos;, os.name: &apos;Mac OS X&apos;, os.arch: &apos;x86_64&apos;, os.version: &apos;10.14&apos;, java.version: &apos;11.0.2&apos;
Driver info: org.openqa.selenium.remote.RemoteWebDriver
Capabilities [{applicationCacheEnabled=true, rotatable=false, hasMetadata=true, databaseEnabled=true, handlesAlerts=true, version=45.0, platform=LINUX, nativeEvents=false, acceptSslCerts=true, webdriver.remote.sessionid=a0adc875b8ec4878939c3915cc8bd2be, locationContextEnabled=true, webStorageEnabled=true, takesScreenshot=true, browserName=firefox, javascriptEnabled=true, cssSelectorsEnabled=true}]
Session ID: a0adc875b8ec4878939c3915cc8bd2be
*** Element info: {Using=css selector, value=#menu_button_container &gt; div &gt; div:nth-child(3) &gt; div &gt; button}</system-out>
  </testcase>
  <testcase classname="com.DemoTest.Tests.WebDemoTest" name="LoginLockedoutUser" time="4.194">
    <failure message="Format specifier &apos;%e&apos;" type="java.util.MissingFormatArgumentException">java.util.MissingFormatArgumentException: Format specifier &apos;%e&apos;
	at java.base/java.util.Formatter.format(Formatter.java:2672)
	at java.base/java.io.PrintStream.format(PrintStream.java:1053)
	at java.base/java.io.PrintStream.printf(PrintStream.java:949)
	at com.DemoTest.Pages.WebDemoPage.LoginLockedoutUser(WebDemoPage.java:237)
	at com.DemoTest.Tests.WebDemoTest.LoginLockedoutUser(WebDemoTest.java:63)
</failure>
    <system-out>Click Login buttonClick Login buttonClick on Hamburger iconClick on Hamburger iconClick on Hamburger iconClick on Hamburger iconCan&apos;t execute login Locked out User function: org.openqa.selenium.NoSuchElementException: Unable to locate element: #menu_button_container &gt; div &gt; div:nth-child(3) &gt; div &gt; button
For documentation on this error, please visit: http://seleniumhq.org/exceptions/no_such_element.html
Build info: version: &apos;3.4.0&apos;, revision: &apos;unknown&apos;, time: &apos;unknown&apos;
System info: host: &apos;itako51141.prod.miso&apos;, ip: &apos;fe80:0:0:0:1c18:39f0:869b:2c8b</system-out>
  </testcase>
  <testcase classname="com.DemoTest.Tests.WebDemoTest" name="LoginLockedoutUser" time="4.199">
    <failure message="Format specifier &apos;%e&apos;" type="java.util.MissingFormatArgumentException">java.util.MissingFormatArgumentException: Format specifier &apos;%e&apos;
	at java.base/java.util.Formatter.format(Formatter.java:2672)
	at java.base/java.io.PrintStream.format(PrintStream.java:1053)
	at java.base/java.io.PrintStream.printf(PrintStream.java:949)
	at com.DemoTest.Pages.WebDemoPage.LoginLockedoutUser(WebDemoPage.java:237)
	at com.DemoTest.Tests.WebDemoTest.LoginLockedoutUser(WebDemoTest.java:63)
</failure>
    <system-out>Can&apos;t execute login Locked out User function: org.openqa.selenium.NoSuchElementException: Unable to locate element: #menu_button_container &gt; div &gt; div:nth-child(3) &gt; div &gt; button
For documentation on this error, please visit: http://seleniumhq.org/exceptions/no_such_element.html
Build info: version: &apos;3.4.0&apos;, revision: &apos;unknown&apos;, time: &apos;unknown&apos;
System info: host: &apos;itako61065.prod.miso&apos;, ip: &apos;fe80:0:0:0:a0:b3d3:d8f3:10e9</system-out>
  </testcase>
  <testcase classname="com.DemoTest.Tests.WebDemoTest" name="LoginLockedoutUser" time="2.302">
    <failure message="Format specifier &apos;%e&apos;" type="java.util.MissingFormatArgumentException">java.util.MissingFormatArgumentException: Format specifier &apos;%e&apos;
	at java.base/java.util.Formatter.format(Formatter.java:2672)
	at java.base/java.io.PrintStream.format(PrintStream.java:1053)
	at java.base/java.io.PrintStream.printf(PrintStream.java:949)
	at com.DemoTest.Pages.WebDemoPage.LoginLockedoutUser(WebDemoPage.java:237)
	at com.DemoTest.Tests.WebDemoTest.LoginLockedoutUser(WebDemoTest.java:63)
</failure>
    <system-out>Starting Login Locked out User function nowEnter username: locked_out_userEnter Password: secret_sauceCan&apos;t execute login Locked out User function: org.openqa.selenium.NoSuchElementException: 
For documentation on this error, please visit: http://seleniumhq.org/exceptions/no_such_element.html
Build info: version: &apos;3.14.0&apos;, revision: &apos;aacccce0&apos;, time: &apos;2018-08-02T20:13:22.693Z&apos;
System info: host: &apos;itako44236.prod.miso&apos;, ip: &apos;fe80:0:0:0:100e:e270:a14f:b89d</system-out>
  </testcase>
  <testcase classname="com.DemoTest.Tests.WebDemoTest" name="LoginLockedoutUser" time="3.034">
    <failure message="Format specifier &apos;%e&apos;" type="java.util.MissingFormatArgumentException">java.util.MissingFormatArgumentException: Format specifier &apos;%e&apos;
	at java.base/java.util.Formatter.format(Formatter.java:2672)
	at java.base/java.io.PrintStream.format(PrintStream.java:1053)
	at java.base/java.io.PrintStream.printf(PrintStream.java:949)
	at com.DemoTest.Pages.WebDemoPage.LoginLockedoutUser(WebDemoPage.java:237)
	at com.DemoTest.Tests.WebDemoTest.LoginLockedoutUser(WebDemoTest.java:63)
</failure>
    <system-out>Can&apos;t execute login Locked out User function: org.openqa.selenium.NoSuchElementException: Unable to locate element: #menu_button_container &gt; div &gt; div:nth-child(3) &gt; div &gt; button
For documentation on this error, please visit: http://seleniumhq.org/exceptions/no_such_element.html
Build info: version: &apos;3.4.0&apos;, revision: &apos;unknown&apos;, time: &apos;unknown&apos;
System info: host: &apos;itako61105.prod.miso&apos;, ip: &apos;fe80:0:0:0:18ba:4ee4:4439:7fed</system-out>
  </testcase>
  <testcase classname="com.DemoTest.Tests.WebDemoTest" name="LoginLockedoutUser" time="7.489">
    <failure message="expected [false] but found [true]" type="java.lang.AssertionError">java.lang.AssertionError: expected [false] but found [true]
	at org.testng.Assert.fail(Assert.java:94)
	at org.testng.Assert.failNotEquals(Assert.java:513)
	at org.testng.Assert.assertEqualsImpl(Assert.java:135)
	at org.testng.Assert.assertEquals(Assert.java:116)
	at org.testng.Assert.assertEquals(Assert.java:179)
	at com.DemoTest.Tests.WebDemoTest.LoginLockedoutUser(WebDemoTest.java:66)
</failure>
    <system-out>Click Login buttonStarting Login Locked out User function nowEnter username: locked_out_userStarting Login Locked out User function nowEnter username: locked_out_userEnter Password: secret_sauceEnter Password: secret_sauceClick on Hamburger iconClick Login buttonStarting Login Locked out User function nowEnter username: locked_out_userClick Login buttonEnter Password: secret_sauceClick Login buttonCan&apos;t execute login Locked out User function: org.openqa.selenium.NoSuchElementException: no such element: Unable to locate element: {&quot;method&quot;:&quot;css selector&quot;,&quot;selector&quot;:&quot;#menu_button_container &gt; div &gt; div:nth-child(3) &gt; div &gt; button&quot;}
  (Session info: chrome=72.0.3626.81)
  (Driver info: chromedriver=2.45.615355 (d5698f682d8b2742017df6c81e0bd8e6a3063189),platform=Mac OS X 10.14.0 x86_64) (WARNING: The server did not provide any stacktrace information)
Command duration or timeout: 160 milliseconds
For documentation on this error, please visit: http://seleniumhq.org/exceptions/no_such_element.html
Build info: version: &apos;2.53.1&apos;, revision: &apos;a36b8b1cd5757287168e54b817830adce9b0158d&apos;, time: &apos;2016-06-30 19:26:09&apos;
System info: host: &apos;SL-1155.attlocal.net&apos;, ip: &apos;192.168.1.104&apos;, os.name: &apos;Mac OS X&apos;, os.arch: &apos;x86_64&apos;, os.version: &apos;10.14&apos;, java.version: &apos;11.0.2&apos;
Driver info: org.openqa.selenium.remote.RemoteWebDriver
Capabilities [{mobileEmulationEnabled=false, timeouts={implicit=0, pageLoad=300000, script=30000}, hasTouchScreen=false, platform=MAC, acceptSslCerts=false, goog:chromeOptions={debuggerAddress=localhost:64533}, acceptInsecureCerts=false, webStorageEnabled=true, takesScreenshot=true, browserName=chrome, javascriptEnabled=true, setWindowRect=true, unexpectedAlertBehaviour=ignore, applicationCacheEnabled=false, rotatable=false, networkConnectionEnabled=false, chrome={chromedriverVersion=2.45.615355 (d5698f682d8b2742017df6c81e0bd8e6a3063189), userDataDir=/var/folders/5k/_tslnm4n2y5_8w99pfpl7qzh0000kr/T/.org.chromium.Chromium.3izA30}, takesHeapSnapshot=true, pageLoadStrategy=normal, strictFileInteractability=false, hasMetadata=true, handlesAlerts=true, databaseEnabled=false, version=72.0.3626.81, proxy={}, browserConnectionEnabled=false, nativeEvents=true, webdriver.remote.sessionid=ade9b9d33a8a44d48bcf1c70e21e4858, locationContextEnabled=true, cssSelectorsEnabled=true}]
Session ID: ade9b9d33a8a44d48bcf1c70e21e4858
*** Element info: {Using=css selector, value=#menu_button_container &gt; div &gt; div:nth-child(3) &gt; div &gt; button}</system-out>
  </testcase>
  <testcase classname="com.DemoTest.Tests.WebDemoTest" name="LoginLockedoutUser" time="4.374">
    <failure message="expected [false] but found [true]" type="java.lang.AssertionError">java.lang.AssertionError: expected [false] but found [true]
	at org.testng.Assert.fail(Assert.java:94)
	at org.testng.Assert.failNotEquals(Assert.java:513)
	at org.testng.Assert.assertEqualsImpl(Assert.java:135)
	at org.testng.Assert.assertEquals(Assert.java:116)
	at org.testng.Assert.assertEquals(Assert.java:179)
	at com.DemoTest.Tests.WebDemoTest.LoginLockedoutUser(WebDemoTest.java:66)
</failure>
    <system-out>Click on Hamburger iconClick on Hamburger iconStarting Login Locked out User function nowEnter username: locked_out_userClick on Hamburger iconEnter Password: secret_sauceCan&apos;t execute login Locked out User function: org.openqa.selenium.NoSuchElementException: no such element: Unable to locate element: {&quot;method&quot;:&quot;css selector&quot;,&quot;selector&quot;:&quot;#menu_button_container &gt; div &gt; div:nth-child(3) &gt; div &gt; button&quot;}
  (Session info: chrome=72.0.3626.81)
  (Driver info: chromedriver=2.45.615355 (d5698f682d8b2742017df6c81e0bd8e6a3063189),platform=Mac OS X 10.14.0 x86_64) (WARNING: The server did not provide any stacktrace information)
Command duration or timeout: 200 milliseconds
For documentation on this error, please visit: http://seleniumhq.org/exceptions/no_such_element.html
Build info: version: &apos;2.53.1&apos;, revision: &apos;a36b8b1cd5757287168e54b817830adce9b0158d&apos;, time: &apos;2016-06-30 19:26:09&apos;
System info: host: &apos;SL-1155.attlocal.net&apos;, ip: &apos;192.168.1.104&apos;, os.name: &apos;Mac OS X&apos;, os.arch: &apos;x86_64&apos;, os.version: &apos;10.14&apos;, java.version: &apos;11.0.2&apos;
Driver info: org.openqa.selenium.remote.RemoteWebDriver
Capabilities [{mobileEmulationEnabled=false, timeouts={implicit=0, pageLoad=300000, script=30000}, hasTouchScreen=false, platform=MAC, acceptSslCerts=false, goog:chromeOptions={debuggerAddress=localhost:64533}, acceptInsecureCerts=false, webStorageEnabled=true, takesScreenshot=true, browserName=chrome, javascriptEnabled=true, setWindowRect=true, unexpectedAlertBehaviour=ignore, applicationCacheEnabled=false, rotatable=false, networkConnectionEnabled=false, chrome={chromedriverVersion=2.45.615355 (d5698f682d8b2742017df6c81e0bd8e6a3063189), userDataDir=/var/folders/5k/_tslnm4n2y5_8w99pfpl7qzh0000kr/T/.org.chromium.Chromium.dXFYZD}, takesHeapSnapshot=true, pageLoadStrategy=normal, strictFileInteractability=false, hasMetadata=true, handlesAlerts=true, databaseEnabled=false, version=72.0.3626.81, proxy={}, browserConnectionEnabled=false, nativeEvents=true, webdriver.remote.sessionid=7e9f5022aacf4d0287ed4feb00140f19, locationContextEnabled=true, cssSelectorsEnabled=true}]
Session ID: 7e9f5022aacf4d0287ed4feb00140f19
*** Element info: {Using=css selector, value=#menu_button_container &gt; div &gt; div:nth-child(3) &gt; div &gt; button}</system-out>
  </testcase>
  <testcase classname="com.DemoTest.Tests.WebDemoTest" name="LoginLockedoutUser" time="1.253">
    <failure message="expected [false] but found [true]" type="java.lang.AssertionError">java.lang.AssertionError: expected [false] but found [true]
	at org.testng.Assert.fail(Assert.java:94)
	at org.testng.Assert.failNotEquals(Assert.java:513)
	at org.testng.Assert.assertEqualsImpl(Assert.java:135)
	at org.testng.Assert.assertEquals(Assert.java:116)
	at org.testng.Assert.assertEquals(Assert.java:179)
	at com.DemoTest.Tests.WebDemoTest.LoginLockedoutUser(WebDemoTest.java:66)
</failure>
    <system-out>Starting Login Locked out User function nowEnter username: locked_out_userCan&apos;t execute login Locked out User function: org.openqa.selenium.NoSuchElementException: no such element: Unable to locate element: {&quot;method&quot;:&quot;css selector&quot;,&quot;selector&quot;:&quot;#menu_button_container &gt; div &gt; div:nth-child(3) &gt; div &gt; button&quot;}
  (Session info: chrome=72.0.3626.81)
  (Driver info: chromedriver=2.45.615355 (d5698f682d8b2742017df6c81e0bd8e6a3063189),platform=Mac OS X 10.14.0 x86_64) (WARNING: The server did not provide any stacktrace information)
Command duration or timeout: 384 milliseconds
For documentation on this error, please visit: http://seleniumhq.org/exceptions/no_such_element.html
Build info: version: &apos;2.53.1&apos;, revision: &apos;a36b8b1cd5757287168e54b817830adce9b0158d&apos;, time: &apos;2016-06-30 19:26:09&apos;
System info: host: &apos;SL-1155.attlocal.net&apos;, ip: &apos;192.168.1.104&apos;, os.name: &apos;Mac OS X&apos;, os.arch: &apos;x86_64&apos;, os.version: &apos;10.14&apos;, java.version: &apos;11.0.2&apos;
Driver info: org.openqa.selenium.remote.RemoteWebDriver
Capabilities [{mobileEmulationEnabled=false, timeouts={implicit=0, pageLoad=300000, script=30000}, hasTouchScreen=false, platform=MAC, acceptSslCerts=false, goog:chromeOptions={debuggerAddress=localhost:64533}, acceptInsecureCerts=false, webStorageEnabled=true, takesScreenshot=true, browserName=chrome, javascriptEnabled=true, setWindowRect=true, unexpectedAlertBehaviour=ignore, applicationCacheEnabled=false, rotatable=false, networkConnectionEnabled=false, chrome={chromedriverVersion=2.45.615355 (d5698f682d8b2742017df6c81e0bd8e6a3063189), userDataDir=/var/folders/5k/_tslnm4n2y5_8w99pfpl7qzh0000kr/T/.org.chromium.Chromium.djtMv5}, takesHeapSnapshot=true, pageLoadStrategy=normal, strictFileInteractability=false, hasMetadata=true, handlesAlerts=true, databaseEnabled=false, version=72.0.3626.81, proxy={}, browserConnectionEnabled=false, nativeEvents=true, webdriver.remote.sessionid=37740f08e06f4f0699124dcf90c30263, locationContextEnabled=true, cssSelectorsEnabled=true}]
Session ID: 37740f08e06f4f0699124dcf90c30263
*** Element info: {Using=css selector, value=#menu_button_container &gt; div &gt; div:nth-child(3) &gt; div &gt; button}</system-out>
  </testcase>
  <testcase classname="com.DemoTest.Tests.WebDemoTest" name="LoginLockedoutUser" time="1.561">
    <failure message="expected [false] but found [true]" type="java.lang.AssertionError">java.lang.AssertionError: expected [false] but found [true]
	at org.testng.Assert.fail(Assert.java:94)
	at org.testng.Assert.failNotEquals(Assert.java:513)
	at org.testng.Assert.assertEqualsImpl(Assert.java:135)
	at org.testng.Assert.assertEquals(Assert.java:116)
	at org.testng.Assert.assertEquals(Assert.java:179)
	at com.DemoTest.Tests.WebDemoTest.LoginLockedoutUser(WebDemoTest.java:66)
</failure>
    <system-out>Can&apos;t execute login Locked out User function: org.openqa.selenium.NoSuchElementException: no such element: Unable to locate element: {&quot;method&quot;:&quot;css selector&quot;,&quot;selector&quot;:&quot;#menu_button_container &gt; div &gt; div:nth-child(3) &gt; div &gt; button&quot;}
  (Session info: chrome=72.0.3626.81)
  (Driver info: chromedriver=2.45.615355 (d5698f682d8b2742017df6c81e0bd8e6a3063189),platform=Mac OS X 10.13.6 x86_64) (WARNING: The server did not provide any stacktrace information)
Command duration or timeout: 198 milliseconds
For documentation on this error, please visit: http://seleniumhq.org/exceptions/no_such_element.html
Build info: version: &apos;2.53.1&apos;, revision: &apos;a36b8b1cd5757287168e54b817830adce9b0158d&apos;, time: &apos;2016-06-30 19:26:09&apos;
System info: host: &apos;SL-1155.attlocal.net&apos;, ip: &apos;192.168.1.104&apos;, os.name: &apos;Mac OS X&apos;, os.arch: &apos;x86_64&apos;, os.version: &apos;10.14&apos;, java.version: &apos;11.0.2&apos;
Driver info: org.openqa.selenium.remote.RemoteWebDriver
Capabilities [{mobileEmulationEnabled=false, timeouts={implicit=0, pageLoad=300000, script=30000}, hasTouchScreen=false, platform=MAC, acceptSslCerts=false, goog:chromeOptions={debuggerAddress=localhost:64533}, acceptInsecureCerts=false, webStorageEnabled=true, takesScreenshot=true, browserName=chrome, javascriptEnabled=true, setWindowRect=true, unexpectedAlertBehaviour=ignore, applicationCacheEnabled=false, rotatable=false, networkConnectionEnabled=false, chrome={chromedriverVersion=2.45.615355 (d5698f682d8b2742017df6c81e0bd8e6a3063189), userDataDir=/var/folders/vl/hxyc1ht91p143px0y2f1fm3h0000kr/T/.org.chromium.Chromium.FmCSha}, takesHeapSnapshot=true, pageLoadStrategy=normal, strictFileInteractability=false, hasMetadata=true, handlesAlerts=true, databaseEnabled=false, version=72.0.3626.81, proxy={}, browserConnectionEnabled=false, nativeEvents=true, webdriver.remote.sessionid=949e6fecf79f4d66b287b396e2ff638e, locationContextEnabled=true, cssSelectorsEnabled=true}]
Session ID: 949e6fecf79f4d66b287b396e2ff638e
*** Element info: {Using=css selector, value=#menu_button_container &gt; div &gt; div:nth-child(3) &gt; div &gt; button}</system-out>
  </testcase>
  <testcase classname="com.DemoTest.Tests.WebDemoTest" name="LoginLockedoutUser" time="10.4">
    <failure message="Format specifier &apos;%e&apos;" type="java.util.MissingFormatArgumentException">java.util.MissingFormatArgumentException: Format specifier &apos;%e&apos;
	at java.base/java.util.Formatter.format(Formatter.java:2672)
	at java.base/java.io.PrintStream.format(PrintStream.java:1053)
	at java.base/java.io.PrintStream.printf(PrintStream.java:949)
	at com.DemoTest.Pages.WebDemoPage.LoginLockedoutUser(WebDemoPage.java:237)
	at com.DemoTest.Tests.WebDemoTest.LoginLockedoutUser(WebDemoTest.java:63)
</failure>
    <system-out>Starting Login Locked out User function nowEnter username: locked_out_userEnter Password: secret_sauceStarting Login Locked out User function nowEnter username: locked_out_userStarting Login Locked out User function nowEnter username: locked_out_userEnter Password: secret_sauceClick Login buttonClick Login buttonEnter Password: secret_sauceEnter Password: secret_sauceClick Login buttonClick Login buttonClick on Hamburger iconClick on Hamburger iconClick Login buttonClick on Hamburger iconClick on Hamburger iconCan&apos;t execute login Locked out User function: org.openqa.selenium.NoSuchElementException: Unable to locate element: #menu_button_container &gt; div &gt; div:nth-child(3) &gt; div &gt; button
For documentation on this error, please visit: http://seleniumhq.org/exceptions/no_such_element.html
Build info: version: &apos;3.4.0&apos;, revision: &apos;unknown&apos;, time: &apos;unknown&apos;
System info: host: &apos;WIN-SB3ER6JQ6ME&apos;, ip: &apos;10.119.32.64&apos;, os.name: &apos;Windows 10&apos;, os.arch: &apos;x86&apos;, os.version: &apos;10.0&apos;, java.version: &apos;1.8.0_91&apos;
Driver info: org.openqa.selenium.firefox.FirefoxDriver
Capabilities [{moz:profile=C:\Users\Administrator\AppData\Local\Temp\rust_mozprofile.GYT3GXge3CVD, rotatable=false, moz:geckodriverVersion=0.23.0, timeouts={implicit=0.0, pageLoad=300000.0, script=30000.0}, pageLoadStrategy=normal, unhandledPromptBehavior=dismiss and notify, strictFileInteractability=false, moz:headless=false, platform=ANY, moz:accessibilityChecks=false, moz:useNonSpecCompliantPointerOrigin=false, acceptInsecureCerts=false, browserVersion=65.0, moz:shutdownTimeout=60000.0, platformVersion=10.0, moz:processID=3988.0, browserName=firefox, javascriptEnabled=true, platformName=windows, setWindowRect=true, moz:webdriverClick=true}]
Session ID: XXXXXXXX-XXXX-XXXX-XXXX-XXXX2e7c3677
*** Element info: {Using=css selector, value=#menu_button_container &gt; div &gt; div:nth-child(3) &gt; div &gt; button}
Command duration or timeout: 1.13 seconds
For documentation on this error, please visit: http://seleniumhq.org/exceptions/no_such_element.html
Build info: version: &apos;2.53.1&apos;, revision: &apos;a36b8b1cd5757287168e54b817830adce9b0158d&apos;, time: &apos;2016-06-30 19:26:09&apos;
System info: host: &apos;SL-1155.attlocal.net&apos;, ip: &apos;192.168.1.104&apos;, os.name: &apos;Mac OS X&apos;, os.arch: &apos;x86_64&apos;, os.version: &apos;10.14&apos;, java.version: &apos;11.0.2&apos;
Driver info: org.openqa.selenium.remote.RemoteWebDriver
Capabilities [{timeouts={implicit=0, pageLoad=300000, script=30000}, moz:geckodriverVersion=0.23.0, moz:headless=false, platform=ANY, moz:useNonSpecCompliantPointerOrigin=false, acceptInsecureCerts=false, platformVersion=10.0, browserVersion=65.0, moz:processID=3988, takesScreenshot=true, browserName=firefox, javascriptEnabled=true, platformName=windows, setWindowRect=true, moz:profile=C:\Users\Administrator\AppData\Local\Temp\rust_mozprofile.GYT3GXge3CVD, rotatable=false, unhandledPromptBehavior=dismiss and notify, pageLoadStrategy=normal, strictFileInteractability=false, hasMetadata=true, moz:accessibilityChecks=false, webdriver.remote.sessionid=c630c07ae0cb40409b61c31f80c780a9, moz:shutdownTimeout=60000, cssSelectorsEnabled=true, moz:webdriverClick=true}]
Session ID: c630c07ae0cb40409b61c31f80c780a9
*** Element info: {Using=css selector, value=#menu_button_container &gt; div &gt; div:nth-child(3) &gt; div &gt; button}Can&apos;t execute login Locked out User function: org.openqa.selenium.NoSuchElementException: Unable to locate element: #menu_button_container &gt; div &gt; div:nth-child(3) &gt; div &gt; button
For documentation on this error, please visit: http://seleniumhq.org/exceptions/no_such_element.html
Build info: version: &apos;3.4.0&apos;, revision: &apos;unknown&apos;, time: &apos;unknown&apos;
System info: host: &apos;itako47164.prod.miso&apos;, ip: &apos;fe80:0:0:0:4b4:b731:cb49:2a32</system-out>
  </testcase>
  <testcase classname="com.DemoTest.Tests.WebDemoTest" name="LoginLockedoutUser" time="10.569">
    <failure message="expected [false] but found [true]" type="java.lang.AssertionError">java.lang.AssertionError: expected [false] but found [true]
	at org.testng.Assert.fail(Assert.java:94)
	at org.testng.Assert.failNotEquals(Assert.java:513)
	at org.testng.Assert.assertEqualsImpl(Assert.java:135)
	at org.testng.Assert.assertEquals(Assert.java:116)
	at org.testng.Assert.assertEquals(Assert.java:179)
	at com.DemoTest.Tests.WebDemoTest.LoginLockedoutUser(WebDemoTest.java:66)
</failure>
  </testcase>
  <testcase classname="com.DemoTest.Tests.WebDemoTest" name="LoginLockedoutUser" time="0.385">
    <failure message="expected [false] but found [true]" type="java.lang.AssertionError">java.lang.AssertionError: expected [false] but found [true]
	at org.testng.Assert.fail(Assert.java:94)
	at org.testng.Assert.failNotEquals(Assert.java:513)
	at org.testng.Assert.assertEqualsImpl(Assert.java:135)
	at org.testng.Assert.assertEquals(Assert.java:116)
	at org.testng.Assert.assertEquals(Assert.java:179)
	at com.DemoTest.Tests.WebDemoTest.LoginLockedoutUser(WebDemoTest.java:66)
</failure>
    <system-out>Click on Hamburger iconStarting Login Locked out User function nowEnter username: locked_out_userStarting Login Locked out User function nowEnter username: locked_out_userCan&apos;t execute login Locked out User function: org.openqa.selenium.NoSuchElementException: Unable to find element with css selector == #menu_button_container &gt; div &gt; div:nth-child(3) &gt; div &gt; button (WARNING: The server did not provide any stacktrace information)
Command duration or timeout: 328 milliseconds
For documentation on this error, please visit: http://seleniumhq.org/exceptions/no_such_element.html
Build info: version: &apos;2.53.1&apos;, revision: &apos;a36b8b1&apos;, time: &apos;2016-06-30 17:37:03&apos;
System info: host: &apos;sauce-win10&apos;, ip: &apos;10.100.9.193&apos;, os.name: &apos;Windows 10&apos;, os.arch: &apos;amd64&apos;, os.version: &apos;10.0&apos;, java.version: &apos;1.8.0_131&apos;
Driver info: org.openqa.selenium.ie.InternetExplorerDriver
Capabilities [{browserAttachTimeout=0, ie.enableFullPageScreenshot=true, enablePersistentHover=true, ie.forceCreateProcessApi=false, ie.forceShellWindowsApi=false, pageLoadStrategy=normal, ignoreZoomSetting=false, ie.fileUploadDialogTimeout=3000, version=11, platform=WINDOWS, nativeEvents=true, ie.ensureCleanSession=false, elementScrollBehavior=0, ie.browserCommandLineSwitches=, requireWindowFocus=false, browserName=internet explorer, initialBrowserUrl=about:blank, javascriptEnabled=true, ignoreProtectedModeSettings=false, enableElementCacheCleanup=true, unexpectedAlertBehaviour=dismiss}]
Session ID: XXXXXXXX-XXXX-XXXX-XXXX-XXXXd008427b
*** Element info: {Using=css selector, value=#menu_button_container &gt; div &gt; div:nth-child(3) &gt; div &gt; button}
Command duration or timeout: 1.50 seconds
For documentation on this error, please visit: http://seleniumhq.org/exceptions/no_such_element.html
Build info: version: &apos;2.53.1&apos;, revision: &apos;a36b8b1cd5757287168e54b817830adce9b0158d&apos;, time: &apos;2016-06-30 19:26:09&apos;
System info: host: &apos;SL-1155.attlocal.net&apos;, ip: &apos;192.168.1.104&apos;, os.name: &apos;Mac OS X&apos;, os.arch: &apos;x86_64&apos;, os.version: &apos;10.14&apos;, java.version: &apos;11.0.2&apos;
Driver info: org.openqa.selenium.remote.RemoteWebDriver
Capabilities [{enablePersistentHover=true, ie.fileUploadDialogTimeout=3000, platform=WINDOWS, ie.ensureCleanSession=false, ie.browserCommandLineSwitches=, requireWindowFocus=false, takesScreenshot=true, browserName=internet explorer, javascriptEnabled=true, unexpectedAlertBehaviour=dismiss, browserAttachTimeout=0, ie.enableFullPageScreenshot=true, ie.forceCreateProcessApi=false, ie.forceShellWindowsApi=false, pageLoadStrategy=normal, ignoreZoomSetting=false, hasMetadata=true, version=11, nativeEvents=true, elementScrollBehavior=0, webdriver.remote.sessionid=7fb6af65f2c64cb1b5b11e2928bac821, initialBrowserUrl=about:blank, ignoreProtectedModeSettings=false, enableElementCacheCleanup=true, cssSelectorsEnabled=true}]
Session ID: 7fb6af65f2c64cb1b5b11e2928bac821
*** Element info: {Using=css selector, value=#menu_button_container &gt; div &gt; div:nth-child(3) &gt; div &gt; button}Can&apos;t execute login Locked out User function: org.openqa.selenium.NoSuchElementException: no such element: Unable to locate element: {&quot;method&quot;:&quot;css selector&quot;,&quot;selector&quot;:&quot;#menu_button_container &gt; div &gt; div:nth-child(3) &gt; div &gt; button&quot;}
  (Session info: chrome=72.0.3626.81)
  (Driver info: chromedriver=2.45.615355 (d5698f682d8b2742017df6c81e0bd8e6a3063189),platform=Mac OS X 10.12.6 x86_64) (WARNING: The server did not provide any stacktrace information)
Command duration or timeout: 330 milliseconds
For documentation on this error, please visit: http://seleniumhq.org/exceptions/no_such_element.html
Build info: version: &apos;2.53.1&apos;, revision: &apos;a36b8b1cd5757287168e54b817830adce9b0158d&apos;, time: &apos;2016-06-30 19:26:09&apos;
System info: host: &apos;SL-1155.attlocal.net&apos;, ip: &apos;192.168.1.104&apos;, os.name: &apos;Mac OS X&apos;, os.arch: &apos;x86_64&apos;, os.version: &apos;10.14&apos;, java.version: &apos;11.0.2&apos;
Driver info: org.openqa.selenium.remote.RemoteWebDriver
Capabilities [{mobileEmulationEnabled=false, timeouts={implicit=0, pageLoad=300000, script=30000}, hasTouchScreen=false, platform=MAC, acceptSslCerts=false, goog:chromeOptions={debuggerAddress=localhost:64533}, acceptInsecureCerts=false, webStorageEnabled=true, takesScreenshot=true, browserName=chrome, javascriptEnabled=true, setWindowRect=true, unexpectedAlertBehaviour=ignore, applicationCacheEnabled=false, rotatable=false, networkConnectionEnabled=false, chrome={chromedriverVersion=2.45.615355 (d5698f682d8b2742017df6c81e0bd8e6a3063189), userDataDir=/var/folders/z9/k9h0q11n7qv1jhbfvdv44j6c0000kr/T/.org.chromium.Chromium.XEndKr}, takesHeapSnapshot=true, pageLoadStrategy=normal, strictFileInteractability=false, hasMetadata=true, handlesAlerts=true, databaseEnabled=false, version=72.0.3626.81, proxy={}, browserConnectionEnabled=false, nativeEvents=true, webdriver.remote.sessionid=65862308af4d4b3db682a1c3cedca560, locationContextEnabled=true, cssSelectorsEnabled=true}]
Session ID: 65862308af4d4b3db682a1c3cedca560
*** Element info: {Using=css selector, value=#menu_button_container &gt; div &gt; div:nth-child(3) &gt; div &gt; button}Enter Password: secret_sauce</system-out>
  </testcase>
  <testcase classname="com.DemoTest.Tests.WebDemoTest" name="LoginLockedoutUser" time="0.149">
    <failure message="expected [false] but found [true]" type="java.lang.AssertionError">java.lang.AssertionError: expected [false] but found [true]
	at org.testng.Assert.fail(Assert.java:94)
	at org.testng.Assert.failNotEquals(Assert.java:513)
	at org.testng.Assert.assertEqualsImpl(Assert.java:135)
	at org.testng.Assert.assertEquals(Assert.java:116)
	at org.testng.Assert.assertEquals(Assert.java:179)
	at com.DemoTest.Tests.WebDemoTest.LoginLockedoutUser(WebDemoTest.java:66)
</failure>
    <system-out>Starting Login Locked out User function nowEnter username: locked_out_userClick Login buttonEnter Password: secret_sauce</system-out>
  </testcase>
  <testcase classname="com.DemoTest.Tests.WebDemoTest" name="LoginLockedoutUser" time="0.746">
    <failure message="Format specifier &apos;%e&apos;" type="java.util.MissingFormatArgumentException">java.util.MissingFormatArgumentException: Format specifier &apos;%e&apos;
	at java.base/java.util.Formatter.format(Formatter.java:2672)
	at java.base/java.io.PrintStream.format(PrintStream.java:1053)
	at java.base/java.io.PrintStream.printf(PrintStream.java:949)
	at com.DemoTest.Pages.WebDemoPage.LoginLockedoutUser(WebDemoPage.java:237)
	at com.DemoTest.Tests.WebDemoTest.LoginLockedoutUser(WebDemoTest.java:63)
</failure>
    <system-out>Enter Password: secret_sauceClick Login buttonClick Login buttonCan&apos;t execute login Locked out User function: org.openqa.selenium.NoSuchElementException: Unable to locate element: #menu_button_container &gt; div &gt; div:nth-child(3) &gt; div &gt; button
For documentation on this error, please visit: http://seleniumhq.org/exceptions/no_such_element.html
Build info: version: &apos;3.4.0&apos;, revision: &apos;unknown&apos;, time: &apos;unknown&apos;
System info: host: &apos;itako3667.prod.miso&apos;, ip: &apos;fe80:0:0:0:18af:ed40:4927:32d2</system-out>
  </testcase>
  <testcase classname="com.DemoTest.Tests.WebDemoTest" name="LoginLockedoutUser" time="6.298">
    <failure message="expected [false] but found [true]" type="java.lang.AssertionError">java.lang.AssertionError: expected [false] but found [true]
	at org.testng.Assert.fail(Assert.java:94)
	at org.testng.Assert.failNotEquals(Assert.java:513)
	at org.testng.Assert.assertEqualsImpl(Assert.java:135)
	at org.testng.Assert.assertEquals(Assert.java:116)
	at org.testng.Assert.assertEquals(Assert.java:179)
	at com.DemoTest.Tests.WebDemoTest.LoginLockedoutUser(WebDemoTest.java:66)
</failure>
    <system-out>Starting Login Locked out User function nowEnter username: locked_out_userClick on Hamburger iconClick on Hamburger iconClick on Hamburger iconEnter Password: secret_sauceClick Login buttonStarting Login Locked out User function nowEnter username: locked_out_userEnter Password: secret_sauceClick Login buttonCan&apos;t execute login Locked out User function: org.openqa.selenium.NoSuchElementException: Unable to locate element: #menu_button_container &gt; div &gt; div:nth-child(3) &gt; div &gt; button
For documentation on this error, please visit: http://seleniumhq.org/exceptions/no_such_element.html
Build info: version: &apos;3.4.0&apos;, revision: &apos;unknown&apos;, time: &apos;unknown&apos;
System info: host: &apos;WIN-SB3ER6JQ6ME&apos;, ip: &apos;10.119.32.86&apos;, os.name: &apos;Windows 10&apos;, os.arch: &apos;x86&apos;, os.version: &apos;10.0&apos;, java.version: &apos;1.8.0_91&apos;
Driver info: org.openqa.selenium.firefox.FirefoxDriver
Capabilities [{moz:profile=C:\Users\Administrator\AppData\Local\Temp\rust_mozprofile.OtzqYqAurdLC, rotatable=false, moz:geckodriverVersion=0.23.0, timeouts={implicit=0.0, pageLoad=300000.0, script=30000.0}, pageLoadStrategy=normal, unhandledPromptBehavior=dismiss and notify, moz:headless=false, platform=ANY, moz:accessibilityChecks=false, moz:useNonSpecCompliantPointerOrigin=false, acceptInsecureCerts=false, browserVersion=63.0, platformVersion=10.0, moz:processID=2996.0, browserName=firefox, javascriptEnabled=true, platformName=windows, setWindowRect=true, moz:webdriverClick=true}]
Session ID: XXXXXXXX-XXXX-XXXX-XXXX-XXXX71022ec8
*** Element info: {Using=css selector, value=#menu_button_container &gt; div &gt; div:nth-child(3) &gt; div &gt; button}
Command duration or timeout: 611 milliseconds
For documentation on this error, please visit: http://seleniumhq.org/exceptions/no_such_element.html
Build info: version: &apos;2.53.1&apos;, revision: &apos;a36b8b1cd5757287168e54b817830adce9b0158d&apos;, time: &apos;2016-06-30 19:26:09&apos;
System info: host: &apos;SL-1155.attlocal.net&apos;, ip: &apos;192.168.1.104&apos;, os.name: &apos;Mac OS X&apos;, os.arch: &apos;x86_64&apos;, os.version: &apos;10.14&apos;, java.version: &apos;11.0.2&apos;
Driver info: org.openqa.selenium.remote.RemoteWebDriver
Capabilities [{moz:profile=C:\Users\Administrator\AppData\Local\Temp\rust_mozprofile.OtzqYqAurdLC, rotatable=false, timeouts={implicit=0, pageLoad=300000, script=30000}, moz:geckodriverVersion=0.23.0, unhandledPromptBehavior=dismiss and notify, pageLoadStrategy=normal, hasMetadata=true, moz:headless=false, platform=ANY, moz:accessibilityChecks=false, webdriver.remote.sessionid=54f5a6150f234afbbfe1e3e1fe129807, moz:useNonSpecCompliantPointerOrigin=false, acceptInsecureCerts=false, platformVersion=10.0, browserVersion=63.0, moz:processID=2996, takesScreenshot=true, browserName=firefox, javascriptEnabled=true, platformName=windows, cssSelectorsEnabled=true, setWindowRect=true, moz:webdriverClick=true}]
Session ID: 54f5a6150f234afbbfe1e3e1fe129807
*** Element info: {Using=css selector, value=#menu_button_container &gt; div &gt; div:nth-child(3) &gt; div &gt; button}Can&apos;t execute login Locked out User function: org.openqa.selenium.NoSuchElementException: no such element: Unable to locate element: {&quot;method&quot;:&quot;css selector&quot;,&quot;selector&quot;:&quot;#menu_button_container &gt; div &gt; div:nth-child(3) &gt; div &gt; button&quot;}
  (Session info: chrome=72.0.3626.81)
  (Driver info: chromedriver=2.45.615291 (ec3682e3c9061c10f26ea9e5cdcf3c53f3f74387),platform=Windows NT 10.0.10586 x86_64) (WARNING: The server did not provide any stacktrace information)
Command duration or timeout: 252 milliseconds
For documentation on this error, please visit: http://seleniumhq.org/exceptions/no_such_element.html
Build info: version: &apos;2.53.1&apos;, revision: &apos;a36b8b1cd5757287168e54b817830adce9b0158d&apos;, time: &apos;2016-06-30 19:26:09&apos;
System info: host: &apos;SL-1155.attlocal.net&apos;, ip: &apos;192.168.1.104&apos;, os.name: &apos;Mac OS X&apos;, os.arch: &apos;x86_64&apos;, os.version: &apos;10.14&apos;, java.version: &apos;11.0.2&apos;
Driver info: org.openqa.selenium.remote.RemoteWebDriver
Capabilities [{mobileEmulationEnabled=false, timeouts={implicit=0, pageLoad=300000, script=30000}, hasTouchScreen=false, platform=XP, acceptSslCerts=false, goog:chromeOptions={debuggerAddress=localhost:64533}, acceptInsecureCerts=false, webStorageEnabled=true, takesScreenshot=true, browserName=chrome, javascriptEnabled=true, setWindowRect=true, unexpectedAlertBehaviour=ignore, applicationCacheEnabled=false, rotatable=false, networkConnectionEnabled=false, chrome={chromedriverVersion=2.45.615291 (ec3682e3c9061c10f26ea9e5cdcf3c53f3f74387), userDataDir=C:\Users\ADMINI~1\AppData\Local\Temp\scoped_dir564_9207}, takesHeapSnapshot=true, pageLoadStrategy=normal, strictFileInteractability=false, hasMetadata=true, handlesAlerts=true, databaseEnabled=false, version=72.0.3626.81, proxy={}, browserConnectionEnabled=false, nativeEvents=true, webdriver.remote.sessionid=d07c69440bef4b588caa9f1197259dc3, locationContextEnabled=true, cssSelectorsEnabled=true}]
Session ID: d07c69440bef4b588caa9f1197259dc3
*** Element info: {Using=css selector, value=#menu_button_container &gt; div &gt; div:nth-child(3) &gt; div &gt; button}</system-out>
  </testcase>
  <testcase classname="com.DemoTest.Tests.WebDemoTest" name="LoginLockedoutUser" time="6.342">
    <failure message="expected [false] but found [true]" type="java.lang.AssertionError">java.lang.AssertionError: expected [false] but found [true]
	at org.testng.Assert.fail(Assert.java:94)
	at org.testng.Assert.failNotEquals(Assert.java:513)
	at org.testng.Assert.assertEqualsImpl(Assert.java:135)
	at org.testng.Assert.assertEquals(Assert.java:116)
	at org.testng.Assert.assertEquals(Assert.java:179)
	at com.DemoTest.Tests.WebDemoTest.LoginLockedoutUser(WebDemoTest.java:66)
</failure>
  </testcase>
  <testcase classname="com.DemoTest.Tests.WebDemoTest" name="LoginLockedoutUser" time="6.599">
    <failure message="expected [false] but found [true]" type="java.lang.AssertionError">java.lang.AssertionError: expected [false] but found [true]
	at org.testng.Assert.fail(Assert.java:94)
	at org.testng.Assert.failNotEquals(Assert.java:513)
	at org.testng.Assert.assertEqualsImpl(Assert.java:135)
	at org.testng.Assert.assertEquals(Assert.java:116)
	at org.testng.Assert.assertEquals(Assert.java:179)
	at com.DemoTest.Tests.WebDemoTest.LoginLockedoutUser(WebDemoTest.java:66)
</failure>
    <system-out>Can&apos;t execute login Locked out User function: org.openqa.selenium.NoSuchElementException: Unable to locate element: #menu_button_container &gt; div &gt; div:nth-child(3) &gt; div &gt; button
For documentation on this error, please visit: http://seleniumhq.org/exceptions/no_such_element.html
Build info: version: &apos;3.4.0&apos;, revision: &apos;unknown&apos;, time: &apos;unknown&apos;
System info: host: &apos;WIN-SB3ER6JQ6ME&apos;, ip: &apos;10.100.48.158&apos;, os.name: &apos;Windows 10&apos;, os.arch: &apos;x86&apos;, os.version: &apos;10.0&apos;, java.version: &apos;1.8.0_91&apos;
Driver info: org.openqa.selenium.firefox.FirefoxDriver
Capabilities [{moz:profile=C:\Users\Administrator\AppData\Local\Temp\rust_mozprofile.MZem5L66j2uh, rotatable=false, moz:geckodriverVersion=0.23.0, timeouts={implicit=0.0, pageLoad=300000.0, script=30000.0}, pageLoadStrategy=normal, unhandledPromptBehavior=dismiss and notify, strictFileInteractability=false, moz:headless=false, platform=ANY, moz:accessibilityChecks=false, moz:useNonSpecCompliantPointerOrigin=false, acceptInsecureCerts=false, browserVersion=65.0, moz:shutdownTimeout=60000.0, platformVersion=10.0, moz:processID=4060.0, browserName=firefox, javascriptEnabled=true, platformName=windows, setWindowRect=true, moz:webdriverClick=true}]
Session ID: XXXXXXXX-XXXX-XXXX-XXXX-XXXXf5c8df03
*** Element info: {Using=css selector, value=#menu_button_container &gt; div &gt; div:nth-child(3) &gt; div &gt; button}
Command duration or timeout: 585 milliseconds
For documentation on this error, please visit: http://seleniumhq.org/exceptions/no_such_element.html
Build info: version: &apos;2.53.1&apos;, revision: &apos;a36b8b1cd5757287168e54b817830adce9b0158d&apos;, time: &apos;2016-06-30 19:26:09&apos;
System info: host: &apos;SL-1155.attlocal.net&apos;, ip: &apos;192.168.1.104&apos;, os.name: &apos;Mac OS X&apos;, os.arch: &apos;x86_64&apos;, os.version: &apos;10.14&apos;, java.version: &apos;11.0.2&apos;
Driver info: org.openqa.selenium.remote.RemoteWebDriver
Capabilities [{timeouts={implicit=0, pageLoad=300000, script=30000}, moz:geckodriverVersion=0.23.0, moz:headless=false, platform=ANY, moz:useNonSpecCompliantPointerOrigin=false, acceptInsecureCerts=false, platformVersion=10.0, browserVersion=65.0, moz:processID=4060, takesScreenshot=true, browserName=firefox, javascriptEnabled=true, platformName=windows, setWindowRect=true, moz:profile=C:\Users\Administrator\AppData\Local\Temp\rust_mozprofile.MZem5L66j2uh, rotatable=false, unhandledPromptBehavior=dismiss and notify, pageLoadStrategy=normal, strictFileInteractability=false, hasMetadata=true, moz:accessibilityChecks=false, webdriver.remote.sessionid=6cf9ca180c3144fb91c2ba03761aa99b, moz:shutdownTimeout=60000, cssSelectorsEnabled=true, moz:webdriverClick=true}]
Session ID: 6cf9ca180c3144fb91c2ba03761aa99b
*** Element info: {Using=css selector, value=#menu_button_container &gt; div &gt; div:nth-child(3) &gt; div &gt; button}</system-out>
  </testcase>
  <testcase classname="com.DemoTest.Tests.WebDemoTest" name="LoginLockedoutUser" time="3.644">
    <failure message="expected [false] but found [true]" type="java.lang.AssertionError">java.lang.AssertionError: expected [false] but found [true]
	at org.testng.Assert.fail(Assert.java:94)
	at org.testng.Assert.failNotEquals(Assert.java:513)
	at org.testng.Assert.assertEqualsImpl(Assert.java:135)
	at org.testng.Assert.assertEquals(Assert.java:116)
	at org.testng.Assert.assertEquals(Assert.java:179)
	at com.DemoTest.Tests.WebDemoTest.LoginLockedoutUser(WebDemoTest.java:66)
</failure>
    <system-out>Starting Login Locked out User function nowEnter username: locked_out_userClick on Hamburger iconEnter Password: secret_sauceStarting Login Locked out User function nowEnter username: locked_out_userClick on Hamburger iconClick Login buttonEnter Password: secret_sauceClick Login buttonCan&apos;t execute login Locked out User function: org.openqa.selenium.NoSuchElementException: no such element: Unable to locate element: {&quot;method&quot;:&quot;css selector&quot;,&quot;selector&quot;:&quot;#menu_button_container &gt; div &gt; div:nth-child(3) &gt; div &gt; button&quot;}
  (Session info: chrome=73.0.3683.27)
  (Driver info: chromedriver=2.45.615355 (d5698f682d8b2742017df6c81e0bd8e6a3063189),platform=Mac OS X 10.14.0 x86_64) (WARNING: The server did not provide any stacktrace information)
Command duration or timeout: 1.18 seconds
For documentation on this error, please visit: http://seleniumhq.org/exceptions/no_such_element.html
Build info: version: &apos;2.53.1&apos;, revision: &apos;a36b8b1cd5757287168e54b817830adce9b0158d&apos;, time: &apos;2016-06-30 19:26:09&apos;
System info: host: &apos;SL-1155.attlocal.net&apos;, ip: &apos;192.168.1.104&apos;, os.name: &apos;Mac OS X&apos;, os.arch: &apos;x86_64&apos;, os.version: &apos;10.14&apos;, java.version: &apos;11.0.2&apos;
Driver info: org.openqa.selenium.remote.RemoteWebDriver
Capabilities [{mobileEmulationEnabled=false, timeouts={implicit=0, pageLoad=300000, script=30000}, hasTouchScreen=false, platform=MAC, acceptSslCerts=false, goog:chromeOptions={debuggerAddress=localhost:64533}, acceptInsecureCerts=false, webStorageEnabled=true, takesScreenshot=true, browserName=chrome, javascriptEnabled=true, setWindowRect=true, unexpectedAlertBehaviour=ignore, applicationCacheEnabled=false, rotatable=false, networkConnectionEnabled=false, chrome={chromedriverVersion=2.45.615355 (d5698f682d8b2742017df6c81e0bd8e6a3063189), userDataDir=/var/folders/5k/_tslnm4n2y5_8w99pfpl7qzh0000kr/T/.org.chromium.Chromium.dxrwwe}, takesHeapSnapshot=true, pageLoadStrategy=normal, strictFileInteractability=false, hasMetadata=true, handlesAlerts=true, databaseEnabled=false, version=73.0.3683.27, proxy={}, browserConnectionEnabled=false, nativeEvents=true, webdriver.remote.sessionid=2144dab6ece84613b456f88ff63215fe, locationContextEnabled=true, cssSelectorsEnabled=true}]
Session ID: 2144dab6ece84613b456f88ff63215fe
*** Element info: {Using=css selector, value=#menu_button_container &gt; div &gt; div:nth-child(3) &gt; div &gt; button}</system-out>
  </testcase>
  <testcase classname="com.DemoTest.Tests.WebDemoTest" name="LoginLockedoutUser" time="0.605">
    <failure message="expected [false] but found [true]" type="java.lang.AssertionError">java.lang.AssertionError: expected [false] but found [true]
	at org.testng.Assert.fail(Assert.java:94)
	at org.testng.Assert.failNotEquals(Assert.java:513)
	at org.testng.Assert.assertEqualsImpl(Assert.java:135)
	at org.testng.Assert.assertEquals(Assert.java:116)
	at org.testng.Assert.assertEquals(Assert.java:179)
	at com.DemoTest.Tests.WebDemoTest.LoginLockedoutUser(WebDemoTest.java:66)
</failure>
    <system-out>Can&apos;t execute login Locked out User function: org.openqa.selenium.NoSuchElementException: Unable to locate element: #menu_button_container &gt; div &gt; div:nth-child(3) &gt; div &gt; button
For documentation on this error, please visit: http://seleniumhq.org/exceptions/no_such_element.html
Build info: version: &apos;3.4.0&apos;, revision: &apos;unknown&apos;, time: &apos;unknown&apos;
System info: host: &apos;WIN-SB3ER6JQ6ME&apos;, ip: &apos;10.119.28.102&apos;, os.name: &apos;Windows 10&apos;, os.arch: &apos;x86&apos;, os.version: &apos;10.0&apos;, java.version: &apos;1.8.0_91&apos;
Driver info: org.openqa.selenium.firefox.FirefoxDriver
Capabilities [{moz:profile=C:\Users\Administrator\AppData\Local\Temp\rust_mozprofile.LEX2JFEbf6b4, rotatable=false, moz:geckodriverVersion=0.23.0, timeouts={implicit=0.0, pageLoad=300000.0, script=30000.0}, pageLoadStrategy=normal, unhandledPromptBehavior=dismiss and notify, strictFileInteractability=false, moz:headless=false, platform=ANY, moz:accessibilityChecks=false, moz:useNonSpecCompliantPointerOrigin=false, acceptInsecureCerts=false, browserVersion=66.0, moz:shutdownTimeout=60000.0, platformVersion=10.0, moz:processID=2976.0, browserName=firefox, javascriptEnabled=true, platformName=windows, setWindowRect=true, moz:webdriverClick=true}]
Session ID: XXXXXXXX-XXXX-XXXX-XXXX-XXXX5473bd75
*** Element info: {Using=css selector, value=#menu_button_container &gt; div &gt; div:nth-child(3) &gt; div &gt; button}
Command duration or timeout: 1.13 seconds
For documentation on this error, please visit: http://seleniumhq.org/exceptions/no_such_element.html
Build info: version: &apos;2.53.1&apos;, revision: &apos;a36b8b1cd5757287168e54b817830adce9b0158d&apos;, time: &apos;2016-06-30 19:26:09&apos;
System info: host: &apos;SL-1155.attlocal.net&apos;, ip: &apos;192.168.1.104&apos;, os.name: &apos;Mac OS X&apos;, os.arch: &apos;x86_64&apos;, os.version: &apos;10.14&apos;, java.version: &apos;11.0.2&apos;
Driver info: org.openqa.selenium.remote.RemoteWebDriver
Capabilities [{timeouts={implicit=0, pageLoad=300000, script=30000}, moz:geckodriverVersion=0.23.0, moz:headless=false, platform=ANY, moz:useNonSpecCompliantPointerOrigin=false, acceptInsecureCerts=false, platformVersion=10.0, browserVersion=66.0, moz:processID=2976, takesScreenshot=true, browserName=firefox, javascriptEnabled=true, platformName=windows, setWindowRect=true, moz:profile=C:\Users\Administrator\AppData\Local\Temp\rust_mozprofile.LEX2JFEbf6b4, rotatable=false, unhandledPromptBehavior=dismiss and notify, pageLoadStrategy=normal, strictFileInteractability=false, hasMetadata=true, moz:accessibilityChecks=false, webdriver.remote.sessionid=44a74dd3d200434d8f1b430f23405837, moz:shutdownTimeout=60000, cssSelectorsEnabled=true, moz:webdriverClick=true}]
Session ID: 44a74dd3d200434d8f1b430f23405837
*** Element info: {Using=css selector, value=#menu_button_container &gt; div &gt; div:nth-child(3) &gt; div &gt; button}</system-out>
  </testcase>
  <testcase classname="com.DemoTest.Tests.WebDemoTest" name="LoginLockedoutUser" time="5.031">
    <failure message="expected [false] but found [true]" type="java.lang.AssertionError">java.lang.AssertionError: expected [false] but found [true]
	at org.testng.Assert.fail(Assert.java:94)
	at org.testng.Assert.failNotEquals(Assert.java:513)
	at org.testng.Assert.assertEqualsImpl(Assert.java:135)
	at org.testng.Assert.assertEquals(Assert.java:116)
	at org.testng.Assert.assertEquals(Assert.java:179)
	at com.DemoTest.Tests.WebDemoTest.LoginLockedoutUser(WebDemoTest.java:66)
</failure>
    <system-out>Starting Login Locked out User function nowEnter username: locked_out_userClick on Hamburger iconEnter Password: secret_sauceClick on Hamburger iconStarting Login Locked out User function nowEnter username: locked_out_userStarting Login Locked out User function nowEnter username: locked_out_userStarting Login Locked out User function nowEnter username: locked_out_userEnter Password: secret_sauceEnter Password: secret_sauceClick Login buttonClick Login buttonCan&apos;t execute login Locked out User function: org.openqa.selenium.NoSuchElementException: no such element: Unable to locate element: {&quot;method&quot;:&quot;css selector&quot;,&quot;selector&quot;:&quot;#menu_button_container &gt; div &gt; div:nth-child(3) &gt; div &gt; button&quot;}
  (Session info: chrome=72.0.3626.81)
  (Driver info: chromedriver=2.45.615291 (ec3682e3c9061c10f26ea9e5cdcf3c53f3f74387),platform=Windows NT 10.0.10586 x86_64) (WARNING: The server did not provide any stacktrace information)
Command duration or timeout: 306 milliseconds
For documentation on this error, please visit: http://seleniumhq.org/exceptions/no_such_element.html
Build info: version: &apos;2.53.1&apos;, revision: &apos;a36b8b1cd5757287168e54b817830adce9b0158d&apos;, time: &apos;2016-06-30 19:26:09&apos;
System info: host: &apos;SL-1155.attlocal.net&apos;, ip: &apos;192.168.1.104&apos;, os.name: &apos;Mac OS X&apos;, os.arch: &apos;x86_64&apos;, os.version: &apos;10.14&apos;, java.version: &apos;11.0.2&apos;
Driver info: org.openqa.selenium.remote.RemoteWebDriver
Capabilities [{mobileEmulationEnabled=false, timeouts={implicit=0, pageLoad=300000, script=30000}, hasTouchScreen=false, platform=XP, acceptSslCerts=false, goog:chromeOptions={debuggerAddress=localhost:64533}, acceptInsecureCerts=false, webStorageEnabled=true, takesScreenshot=true, browserName=chrome, javascriptEnabled=true, setWindowRect=true, unexpectedAlertBehaviour=ignore, applicationCacheEnabled=false, rotatable=false, networkConnectionEnabled=false, chrome={chromedriverVersion=2.45.615291 (ec3682e3c9061c10f26ea9e5cdcf3c53f3f74387), userDataDir=C:\Users\ADMINI~1\AppData\Local\Temp\scoped_dir2908_30722}, takesHeapSnapshot=true, pageLoadStrategy=normal, strictFileInteractability=false, hasMetadata=true, handlesAlerts=true, databaseEnabled=false, version=72.0.3626.81, proxy={}, browserConnectionEnabled=false, nativeEvents=true, webdriver.remote.sessionid=f34ac8ae6bd14d71a1bfe05b4d106924, locationContextEnabled=true, cssSelectorsEnabled=true}]
Session ID: f34ac8ae6bd14d71a1bfe05b4d106924
*** Element info: {Using=css selector, value=#menu_button_container &gt; div &gt; div:nth-child(3) &gt; div &gt; button}Can&apos;t execute login Locked out User function: org.openqa.selenium.NoSuchElementException: no such element: Unable to locate element: {&quot;method&quot;:&quot;css selector&quot;,&quot;selector&quot;:&quot;#menu_button_container &gt; div &gt; div:nth-child(3) &gt; div &gt; button&quot;}
  (Session info: chrome=72.0.3626.81)
  (Driver info: chromedriver=2.45.615291 (ec3682e3c9061c10f26ea9e5cdcf3c53f3f74387),platform=Windows NT 10.0.10586 x86_64) (WARNING: The server did not provide any stacktrace information)
Command duration or timeout: 220 milliseconds
For documentation on this error, please visit: http://seleniumhq.org/exceptions/no_such_element.html
Build info: version: &apos;2.53.1&apos;, revision: &apos;a36b8b1cd5757287168e54b817830adce9b0158d&apos;, time: &apos;2016-06-30 19:26:09&apos;
System info: host: &apos;SL-1155.attlocal.net&apos;, ip: &apos;192.168.1.104&apos;, os.name: &apos;Mac OS X&apos;, os.arch: &apos;x86_64&apos;, os.version: &apos;10.14&apos;, java.version: &apos;11.0.2&apos;
Driver info: org.openqa.selenium.remote.RemoteWebDriver
Capabilities [{mobileEmulationEnabled=false, timeouts={implicit=0, pageLoad=300000, script=30000}, hasTouchScreen=false, platform=XP, acceptSslCerts=false, goog:chromeOptions={debuggerAddress=localhost:64533}, acceptInsecureCerts=false, webStorageEnabled=true, takesScreenshot=true, browserName=chrome, javascriptEnabled=true, setWindowRect=true, unexpectedAlertBehaviour=ignore, applicationCacheEnabled=false, rotatable=false, networkConnectionEnabled=false, chrome={chromedriverVersion=2.45.615291 (ec3682e3c9061c10f26ea9e5cdcf3c53f3f74387), userDataDir=C:\Users\ADMINI~1\AppData\Local\Temp\scoped_dir2920_21476}, takesHeapSnapshot=true, pageLoadStrategy=normal, strictFileInteractability=false, hasMetadata=true, handlesAlerts=true, databaseEnabled=false, version=72.0.3626.81, proxy={}, browserConnectionEnabled=false, nativeEvents=true, webdriver.remote.sessionid=e299cbcb62e145abac845b32c1d8368f, locationContextEnabled=true, cssSelectorsEnabled=true}]
Session ID: e299cbcb62e145abac845b32c1d8368f
*** Element info: {Using=css selector, value=#menu_button_container &gt; div &gt; div:nth-child(3) &gt; div &gt; button}</system-out>
  </testcase>
  <testcase classname="com.DemoTest.Tests.WebDemoTest" name="LoginLockedoutUser" time="5.058">
    <failure message="expected [false] but found [true]" type="java.lang.AssertionError">java.lang.AssertionError: expected [false] but found [true]
	at org.testng.Assert.fail(Assert.java:94)
	at org.testng.Assert.failNotEquals(Assert.java:513)
	at org.testng.Assert.assertEqualsImpl(Assert.java:135)
	at org.testng.Assert.assertEquals(Assert.java:116)
	at org.testng.Assert.assertEquals(Assert.java:179)
	at com.DemoTest.Tests.WebDemoTest.LoginLockedoutUser(WebDemoTest.java:66)
</failure>
  </testcase>
  <testcase classname="com.DemoTest.Tests.WebDemoTest" name="LoginLockedoutUser" time="5.906">
    <failure message="expected [false] but found [true]" type="java.lang.AssertionError">java.lang.AssertionError: expected [false] but found [true]
	at org.testng.Assert.fail(Assert.java:94)
	at org.testng.Assert.failNotEquals(Assert.java:513)
	at org.testng.Assert.assertEqualsImpl(Assert.java:135)
	at org.testng.Assert.assertEquals(Assert.java:116)
	at org.testng.Assert.assertEquals(Assert.java:179)
	at com.DemoTest.Tests.WebDemoTest.LoginLockedoutUser(WebDemoTest.java:66)
</failure>
    <system-out>Click Login buttonEnter Password: secret_sauceStarting Login Locked out User function nowEnter username: locked_out_userEnter Password: secret_sauceClick on Hamburger iconClick on Hamburger iconClick Login buttonClick Login buttonClick on Hamburger iconStarting Login Locked out User function nowEnter username: locked_out_userEnter Password: secret_sauceClick Login buttonCan&apos;t execute login Locked out User function: org.openqa.selenium.NoSuchElementException: Unable to locate element: #menu_button_container &gt; div &gt; div:nth-child(3) &gt; div &gt; button (WARNING: The server did not provide any stacktrace information)
Command duration or timeout: 25 milliseconds
For documentation on this error, please visit: http://seleniumhq.org/exceptions/no_such_element.html
Build info: version: &apos;2.53.1&apos;, revision: &apos;a36b8b1&apos;, time: &apos;2016-06-30 17:37:03&apos;
System info: host: &apos;WIN-SB3ER6JQ6ME&apos;, ip: &apos;172.20.36.103&apos;, os.name: &apos;Windows 10&apos;, os.arch: &apos;x86&apos;, os.version: &apos;10.0&apos;, java.version: &apos;1.8.0_91&apos;
Driver info: org.openqa.selenium.firefox.MarionetteDriver
Capabilities [{rotatable=false, raisesAccessibilityExceptions=false, marionette=true, webdriver.remote.quietExceptions=false, appBuildId=20160916101415, moz:firefoxOptions={args=[-start-debugger-server, 9222]}, version=49.0, platform=XP, proxy={}, command_id=1, specificationLevel=0, acceptSslCerts=false, processId=2156, browserVersion=49.0, platformVersion=10.0, XULappId={XXXXXXXX-XXXX-XXXX-XXXX-XXXXa9e97384}, browserName=firefox, takesScreenshot=true, takesElementScreenshot=true, platformName=windows_nt, device=desktop, firefox_profile=UEsDBBQAAAAIAEGfTk76Qgy8ehoAA...}]
Session ID: XXXXXXXX-XXXX-XXXX-XXXX-XXXX4bcc2668
*** Element info: {Using=css selector, value=#menu_button_container &gt; div &gt; div:nth-child(3) &gt; div &gt; button}
Command duration or timeout: 715 milliseconds
For documentation on this error, please visit: http://seleniumhq.org/exceptions/no_such_element.html
Build info: version: &apos;2.53.1&apos;, revision: &apos;a36b8b1cd5757287168e54b817830adce9b0158d&apos;, time: &apos;2016-06-30 19:26:09&apos;
System info: host: &apos;SL-1155.attlocal.net&apos;, ip: &apos;192.168.1.104&apos;, os.name: &apos;Mac OS X&apos;, os.arch: &apos;x86_64&apos;, os.version: &apos;10.14&apos;, java.version: &apos;11.0.2&apos;
Driver info: org.openqa.selenium.remote.RemoteWebDriver
Capabilities [{raisesAccessibilityExceptions=false, marionette=true, webdriver.remote.quietExceptions=false, moz:firefoxOptions={args=[-start-debugger-server, 9222]}, appBuildId=20160916101415, platform=XP, specificationLevel=0, acceptSslCerts=false, processId=2156, platformVersion=10.0, browserVersion=49.0, takesScreenshot=true, XULappId={ec8030f7-c20a-464f-9b0e-13a3a9e97384}, browserName=firefox, javascriptEnabled=true, platformName=windows_nt, rotatable=false, hasMetadata=true, version=49.0, proxy={}, command_id=1, webdriver.remote.sessionid=c11b208a0d7c40b5a39d056a0e5af3cb, takesElementScreenshot=true, device=desktop, cssSelectorsEnabled=true, firefox_profile=UEsDBBQAAAAIAEGfTk76Qgy8ehoAA...}]
Session ID: c11b208a0d7c40b5a39d056a0e5af3cb
*** Element info: {Using=css selector, value=#menu_button_container &gt; div &gt; div:nth-child(3) &gt; div &gt; button}Can&apos;t execute login Locked out User function: org.openqa.selenium.NoSuchElementException: no such element: Unable to locate element: {&quot;method&quot;:&quot;css selector&quot;,&quot;selector&quot;:&quot;#menu_button_container &gt; div &gt; div:nth-child(3) &gt; div &gt; button&quot;}
  (Session info: chrome=72.0.3626.81)
  (Driver info: chromedriver=2.45.615291 (ec3682e3c9061c10f26ea9e5cdcf3c53f3f74387),platform=Windows NT 6.3.9600 x86_64) (WARNING: The server did not provide any stacktrace information)
Command duration or timeout: 210 milliseconds
For documentation on this error, please visit: http://seleniumhq.org/exceptions/no_such_element.html
Build info: version: &apos;2.53.1&apos;, revision: &apos;a36b8b1cd5757287168e54b817830adce9b0158d&apos;, time: &apos;2016-06-30 19:26:09&apos;
System info: host: &apos;SL-1155.attlocal.net&apos;, ip: &apos;192.168.1.104&apos;, os.name: &apos;Mac OS X&apos;, os.arch: &apos;x86_64&apos;, os.version: &apos;10.14&apos;, java.version: &apos;11.0.2&apos;
Driver info: org.openqa.selenium.remote.RemoteWebDriver
Capabilities [{mobileEmulationEnabled=false, timeouts={implicit=0, pageLoad=300000, script=30000}, hasTouchScreen=false, platform=XP, acceptSslCerts=false, goog:chromeOptions={debuggerAddress=localhost:64533}, acceptInsecureCerts=false, webStorageEnabled=true, takesScreenshot=true, browserName=chrome, javascriptEnabled=true, setWindowRect=true, unexpectedAlertBehaviour=ignore, applicationCacheEnabled=false, rotatable=false, networkConnectionEnabled=false, chrome={chromedriverVersion=2.45.615291 (ec3682e3c9061c10f26ea9e5cdcf3c53f3f74387), userDataDir=C:\Users\ADMINI~1\AppData\Local\Temp\scoped_dir2056_18718}, takesHeapSnapshot=true, pageLoadStrategy=normal, strictFileInteractability=false, hasMetadata=true, handlesAlerts=true, databaseEnabled=false, version=72.0.3626.81, proxy={}, browserConnectionEnabled=false, nativeEvents=true, webdriver.remote.sessionid=261a5f8191554aec9ec3ab6e603ae647, locationContextEnabled=true, cssSelectorsEnabled=true}]
Session ID: 261a5f8191554aec9ec3ab6e603ae647
*** Element info: {Using=css selector, value=#menu_button_container &gt; div &gt; div:nth-child(3) &gt; div &gt; button}Starting Login Locked out User function nowEnter username: locked_out_user</system-out>
  </testcase>
  <testcase classname="com.DemoTest.Tests.WebDemoTest" name="LoginLockedoutUser" time="5.937">
    <failure message="expected [false] but found [true]" type="java.lang.AssertionError">java.lang.AssertionError: expected [false] but found [true]
	at org.testng.Assert.fail(Assert.java:94)
	at org.testng.Assert.failNotEquals(Assert.java:513)
	at org.testng.Assert.assertEqualsImpl(Assert.java:135)
	at org.testng.Assert.assertEquals(Assert.java:116)
	at org.testng.Assert.assertEquals(Assert.java:179)
	at com.DemoTest.Tests.WebDemoTest.LoginLockedoutUser(WebDemoTest.java:66)
</failure>
  </testcase>
  <testcase classname="com.DemoTest.Tests.WebDemoTest" name="LoginLockedoutUser" time="0.927">
    <failure message="expected [false] but found [true]" type="java.lang.AssertionError">java.lang.AssertionError: expected [false] but found [true]
	at org.testng.Assert.fail(Assert.java:94)
	at org.testng.Assert.failNotEquals(Assert.java:513)
	at org.testng.Assert.assertEqualsImpl(Assert.java:135)
	at org.testng.Assert.assertEquals(Assert.java:116)
	at org.testng.Assert.assertEquals(Assert.java:179)
	at com.DemoTest.Tests.WebDemoTest.LoginLockedoutUser(WebDemoTest.java:66)
</failure>
[...]
Build info: version: &apos;2.53.1&apos;, revision: &apos;a36b8b1cd5757287168e54b817830adce9b0158d&apos;, time: &apos;2016-06-30 19:26:09&apos;
System info: host: &apos;SL-1155.attlocal.net&apos;, ip: &apos;192.168.1.104&apos;, os.name: &apos;Mac OS X&apos;, os.arch: &apos;x86_64&apos;, os.version: &apos;10.14&apos;, java.version: &apos;11.0.2&apos;
Driver info: org.openqa.selenium.remote.RemoteWebDriver
Capabilities [{mobileEmulationEnabled=false, timeouts={implicit=0, pageLoad=300000, script=30000}, hasTouchScreen=false, platform=XP, acceptSslCerts=false, goog:chromeOptions={debuggerAddress=localhost:64533}, acceptInsecureCerts=false, webStorageEnabled=true, takesScreenshot=true, browserName=chrome, javascriptEnabled=true, setWindowRect=true, unexpectedAlertBehaviour=ignore, applicationCacheEnabled=false, rotatable=false, networkConnectionEnabled=false, chrome={chromedriverVersion=2.45.615291 (ec3682e3c9061c10f26ea9e5cdcf3c53f3f74387), userDataDir=C:\Users\ADMINI~1\AppData\Local\Temp\scoped_dir1188_1316}, takesHeapSnapshot=true, pageLoadStrategy=normal, strictFileInteractability=false, hasMetadata=true, handlesAlerts=true, databaseEnabled=false, version=73.0.3683.27, proxy={}, browserConnectionEnabled=false, nativeEvents=true, webdriver.remote.sessionid=746784e3e18345c1b48c715364c00a5e, locationContextEnabled=true, cssSelectorsEnabled=true}]
Session ID: 746784e3e18345c1b48c715364c00a5e
*** Element info: {Using=css selector, value=#menu_button_container &gt; div &gt; div:nth-child(3) &gt; div &gt; button}</system-out>
  </testcase>
  <testcase classname="com.DemoTest.Tests.WebDemoTest" name="LoginLockedoutUser" time="22.795">
    <failure message="expected [false] but found [true]" type="java.lang.AssertionError">java.lang.AssertionError: expected [false] but found [true]
	at org.testng.Assert.fail(Assert.java:94)
	at org.testng.Assert.failNotEquals(Assert.java:513)
	at org.testng.Assert.assertEqualsImpl(Assert.java:135)
	at org.testng.Assert.assertEquals(Assert.java:116)
	at org.testng.Assert.assertEquals(Assert.java:179)
	at com.DemoTest.Tests.WebDemoTest.LoginLockedoutUser(WebDemoTest.java:66)
</failure>
    <system-out>Can&apos;t execute login Locked out User function: org.openqa.selenium.NoSuchElementException: no such element: Unable to locate element: {&quot;method&quot;:&quot;css selector&quot;,&quot;selector&quot;:&quot;#menu_button_container &gt; div &gt; div:nth-child(3) &gt; div &gt; button&quot;}
  (Session info: chrome=72.0.3626.81)
  (Driver info: chromedriver=2.45.615291 (ec3682e3c9061c10f26ea9e5cdcf3c53f3f74387),platform=Windows NT 6.1.7601 SP1 x86_64) (WARNING: The server did not provide any stacktrace information)
Command duration or timeout: 177 milliseconds
For documentation on this error, please visit: http://seleniumhq.org/exceptions/no_such_element.html
Build info: version: &apos;2.53.1&apos;, revision: &apos;a36b8b1cd5757287168e54b817830adce9b0158d&apos;, time: &apos;2016-06-30 19:26:09&apos;
System info: host: &apos;SL-1155.attlocal.net&apos;, ip: &apos;192.168.1.104&apos;, os.name: &apos;Mac OS X&apos;, os.arch: &apos;x86_64&apos;, os.version: &apos;10.14&apos;, java.version: &apos;11.0.2&apos;
Driver info: org.openqa.selenium.remote.RemoteWebDriver
Capabilities [{mobileEmulationEnabled=false, timeouts={implicit=0, pageLoad=300000, script=30000}, hasTouchScreen=false, platform=XP, acceptSslCerts=false, goog:chromeOptions={debuggerAddress=localhost:64533}, acceptInsecureCerts=false, webStorageEnabled=true, takesScreenshot=true, browserName=chrome, javascriptEnabled=true, setWindowRect=true, unexpectedAlertBehaviour=ignore, applicationCacheEnabled=false, rotatable=false, networkConnectionEnabled=false, chrome={chromedriverVersion=2.45.615291 (ec3682e3c9061c10f26ea9e5cdcf3c53f3f74387), userDataDir=C:\Users\ADMINI~1\AppData\Local\Temp\scoped_dir1812_27853}, takesHeapSnapshot=true, pageLoadStrategy=normal, strictFileInteractability=false, hasMetadata=true, handlesAlerts=true, databaseEnabled=false, version=72.0.3626.81, proxy={}, browserConnectionEnabled=false, nativeEvents=true, webdriver.remote.sessionid=31f1614d29d74ec9af104d5ede6d65c3, locationContextEnabled=true, cssSelectorsEnabled=true}]
Session ID: 31f1614d29d74ec9af104d5ede6d65c3
*** Element info: {Using=css selector, value=#menu_button_container &gt; div &gt; div:nth-child(3) &gt; div &gt; button}</system-out>
  </testcase>
  <testcase classname="com.DemoTest.Tests.WebDemoTest" name="LoginLockedoutUser" time="24.248">
    <failure message="expected [false] but found [true]" type="java.lang.AssertionError">java.lang.AssertionError: expected [false] but found [true]
	at org.testng.Assert.fail(Assert.java:94)
	at org.testng.Assert.failNotEquals(Assert.java:513)
	at org.testng.Assert.assertEqualsImpl(Assert.java:135)
	at org.testng.Assert.assertEquals(Assert.java:116)
	at org.testng.Assert.assertEquals(Assert.java:179)
	at com.DemoTest.Tests.WebDemoTest.LoginLockedoutUser(WebDemoTest.java:66)
</failure>
    <system-out>Can&apos;t execute login Locked out User function: org.openqa.selenium.NoSuchElementException: Unable to locate element: #menu_button_container &gt; div &gt; div:nth-child(3) &gt; div &gt; button
For documentation on this error, please visit: http://seleniumhq.org/exceptions/no_such_element.html
Build info: version: &apos;3.4.0&apos;, revision: &apos;unknown&apos;, time: &apos;unknown&apos;
System info: host: &apos;WIN-R1JBAO1CNPS&apos;, ip: &apos;10.100.21.8&apos;, os.name: &apos;Windows Server 2008 R2&apos;, os.arch: &apos;x86&apos;, os.version: &apos;6.1&apos;, java.version: &apos;1.8.0_91&apos;
Driver info: org.openqa.selenium.firefox.FirefoxDriver
Capabilities [{moz:profile=C:\Users\Administrator\AppData\Local\Temp\rust_mozprofile.uKEn85XwZaam, rotatable=false, moz:geckodriverVersion=0.23.0, timeouts={implicit=0.0, pageLoad=300000.0, script=30000.0}, pageLoadStrategy=normal, unhandledPromptBehavior=dismiss and notify, strictFileInteractability=false, moz:headless=false, platform=ANY, moz:accessibilityChecks=false, moz:useNonSpecCompliantPointerOrigin=false, acceptInsecureCerts=false, browserVersion=65.0, moz:shutdownTimeout=60000.0, platformVersion=6.1, moz:processID=1772.0, browserName=firefox, javascriptEnabled=true, platformName=windows, setWindowRect=true, moz:webdriverClick=true}]
Session ID: XXXXXXXX-XXXX-XXXX-XXXX-XXXXdedd7f81
*** Element info: {Using=css selector, value=#menu_button_container &gt; div &gt; div:nth-child(3) &gt; div &gt; button}
Command duration or timeout: 1.82 seconds
For documentation on this error, please visit: http://seleniumhq.org/exceptions/no_such_element.html
Build info: version: &apos;2.53.1&apos;, revision: &apos;a36b8b1cd5757287168e54b817830adce9b0158d&apos;, time: &apos;2016-06-30 19:26:09&apos;
System info: host: &apos;SL-1155.attlocal.net&apos;, ip: &apos;192.168.1.104&apos;, os.name: &apos;Mac OS X&apos;, os.arch: &apos;x86_64&apos;, os.version: &apos;10.14&apos;, java.version: &apos;11.0.2&apos;
Driver info: org.openqa.selenium.remote.RemoteWebDriver
Capabilities [{timeouts={implicit=0, pageLoad=300000, script=30000}, moz:geckodriverVersion=0.23.0, moz:headless=false, platform=ANY, moz:useNonSpecCompliantPointerOrigin=false, acceptInsecureCerts=false, platformVersion=6.1, browserVersion=65.0, moz:processID=1772, takesScreenshot=true, browserName=firefox, javascriptEnabled=true, platformName=windows, setWindowRect=true, moz:profile=C:\Users\Administrator\AppData\Local\Temp\rust_mozprofile.uKEn85XwZaam, rotatable=false, unhandledPromptBehavior=dismiss and notify, pageLoadStrategy=normal, strictFileInteractability=false, hasMetadata=true, moz:accessibilityChecks=false, webdriver.remote.sessionid=bae5a0602ab3407cbe15dd9468f30116, moz:shutdownTimeout=60000, cssSelectorsEnabled=true, moz:webdriverClick=true}]
Session ID: bae5a0602ab3407cbe15dd9468f30116
*** Element info: {Using=css selector, value=#menu_button_container &gt; div &gt; div:nth-child(3) &gt; div &gt; button}</system-out>
  </testcase>
  <testcase classname="com.DemoTest.Tests.WebDemoTest" name="LoginPerfGlitchUser" time="28.558"/>
  <testcase classname="com.DemoTest.Tests.WebDemoTest" name="LoginPerfGlitchUser" time="29.08"/>
  <testcase classname="com.DemoTest.Tests.WebDemoTest" name="LoginPerfGlitchUser" time="0.184"/>
  <testcase classname="com.DemoTest.Tests.WebDemoTest" name="LoginPerfGlitchUser" time="0.375"/>
  <testcase classname="com.DemoTest.Tests.WebDemoTest" name="LoginPerfGlitchUser" time="0.166"/>
  <testcase classname="com.DemoTest.Tests.WebDemoTest" name="LoginPerfGlitchUser" time="0.181"/>
  <testcase classname="com.DemoTest.Tests.WebDemoTest" name="LoginPerfGlitchUser" time="0.543"/>
  <testcase classname="com.DemoTest.Tests.WebDemoTest" name="LoginPerfGlitchUser" time="1.225"/>
  <testcase classname="com.DemoTest.Tests.WebDemoTest" name="LoginPerfGlitchUser" time="2.124"/>
  <testcase classname="com.DemoTest.Tests.WebDemoTest" name="LoginPerfGlitchUser" time="12.099"/>
  <testcase classname="com.DemoTest.Tests.WebDemoTest" name="LoginPerfGlitchUser" time="8.452"/>
  <testcase classname="com.DemoTest.Tests.WebDemoTest" name="LoginPerfGlitchUser" time="6.326"/>
  <testcase classname="com.DemoTest.Tests.WebDemoTest" name="LoginPerfGlitchUser" time="0.73"/>
  <testcase classname="com.DemoTest.Tests.WebDemoTest" name="LoginPerfGlitchUser" time="1.143"/>
  <testcase classname="com.DemoTest.Tests.WebDemoTest" name="LoginPerfGlitchUser" time="1.32"/>
  <testcase classname="com.DemoTest.Tests.WebDemoTest" name="LoginPerfGlitchUser" time="1.516"/>
  <testcase classname="com.DemoTest.Tests.WebDemoTest" name="LoginPerfGlitchUser" time="0.125"/>
  <testcase classname="com.DemoTest.Tests.WebDemoTest" name="LoginPerfGlitchUser" time="0.224"/>
  <testcase classname="com.DemoTest.Tests.WebDemoTest" name="LoginPerfGlitchUser" time="2.144"/>
  <testcase classname="com.DemoTest.Tests.WebDemoTest" name="LoginPerfGlitchUser" time="16.207"/>
  <testcase classname="com.DemoTest.Tests.WebDemoTest" name="LoginPerfGlitchUser" time="0.547"/>
  <testcase classname="com.DemoTest.Tests.WebDemoTest" name="LoginPerfGlitchUser" time="2.993"/>
  <testcase classname="com.DemoTest.Tests.WebDemoTest" name="LoginPerfGlitchUser" time="5.55"/>
  <testcase classname="com.DemoTest.Tests.WebDemoTest" name="LoginPerfGlitchUser" time="0.015"/>
  <testcase classname="com.DemoTest.Tests.WebDemoTest" name="LoginPerfGlitchUser" time="2.896"/>
  <testcase classname="com.DemoTest.Tests.WebDemoTest" name="LoginPerfGlitchUser" time="6.069"/>
  <testcase classname="com.DemoTest.Tests.WebDemoTest" name="LoginPerfGlitchUser" time="1.591"/>
  <testcase classname="com.DemoTest.Tests.WebDemoTest" name="LoginPerfGlitchUser" time="2.762"/>
  <testcase classname="com.DemoTest.Tests.WebDemoTest" name="LoginPerfGlitchUser" time="0.788"/>
  <testcase classname="com.DemoTest.Tests.WebDemoTest" name="LoginPerfGlitchUser" time="3.011"/>
  <testcase classname="com.DemoTest.Tests.WebDemoTest" name="LoginPerfGlitchUser" time="6.555"/>
  <testcase classname="com.DemoTest.Tests.WebDemoTest" name="LoginPerfGlitchUser" time="7.926"/>
  <testcase classname="com.DemoTest.Tests.WebDemoTest" name="LoginPerfGlitchUser" time="8.117"/>
  <testcase classname="com.DemoTest.Tests.WebDemoTest" name="LoginPerfGlitchUser" time="5.661"/>
  <testcase classname="com.DemoTest.Tests.WebDemoTest" name="LoginPerfGlitchUser" time="7.083"/>
  <testcase classname="com.DemoTest.Tests.WebDemoTest" name="LoginPerfGlitchUser" time="0.642"/>
  <testcase classname="com.DemoTest.Tests.WebDemoTest" name="LoginPerfGlitchUser" time="4.422"/>
  <testcase classname="com.DemoTest.Tests.WebDemoTest" name="LoginPerfGlitchUser" time="4.662"/>
  <testcase classname="com.DemoTest.Tests.WebDemoTest" name="LoginPerfGlitchUser" time="1.189"/>
  <testcase classname="com.DemoTest.Tests.WebDemoTest" name="LoginPerfGlitchUser" time="5.597"/>
  <testcase classname="com.DemoTest.Tests.WebDemoTest" name="LoginPerfGlitchUser" time="2.411"/>
  <testcase classname="com.DemoTest.Tests.WebDemoTest" name="LoginPerfGlitchUser" time="1.193"/>
  <testcase classname="com.DemoTest.Tests.WebDemoTest" name="LoginPerfGlitchUser" time="0.567">
    <failure message="expected [false] but found [true]" type="java.lang.AssertionError">java.lang.AssertionError: expected [false] but found [true]
	at org.testng.Assert.fail(Assert.java:94)
	at org.testng.Assert.failNotEquals(Assert.java:513)
	at org.testng.Assert.assertEqualsImpl(Assert.java:135)
	at org.testng.Assert.assertEquals(Assert.java:116)
	at org.testng.Assert.assertEquals(Assert.java:179)
	at com.DemoTest.Tests.WebDemoTest.LoginPerfGlitchUser(WebDemoTest.java:91)
</failure>
    <system-out>Click on Hamburger iconStarting Login Performance Glitch User function nowEnter username: performance_glitch_userCan&apos;t execute login Performance Glitch User function: org.openqa.selenium.NoSuchElementException: Unable to find element with id == user-name (WARNING: The server did not provide any stacktrace information)
Command duration or timeout: 301 milliseconds
For documentation on this error, please visit: http://seleniumhq.org/exceptions/no_such_element.html
Build info: version: &apos;2.53.1&apos;, revision: &apos;a36b8b1&apos;, time: &apos;2016-06-30 17:37:03&apos;
System info: host: &apos;WIN-HLEK05V71GA&apos;, ip: &apos;10.119.40.96&apos;, os.name: &apos;Windows Server 2012&apos;, os.arch: &apos;x86&apos;, os.version: &apos;6.2&apos;, java.version: &apos;1.8.0_91&apos;
Driver info: org.openqa.selenium.ie.InternetExplorerDriver
Capabilities [{browserAttachTimeout=0, ie.enableFullPageScreenshot=true, enablePersistentHover=true, ie.forceCreateProcessApi=false, ie.forceShellWindowsApi=false, pageLoadStrategy=normal, ignoreZoomSetting=false, ie.fileUploadDialogTimeout=3000, version=10, platform=WINDOWS, nativeEvents=true, ie.ensureCleanSession=false, elementScrollBehavior=0, ie.browserCommandLineSwitches=, requireWindowFocus=false, browserName=internet explorer, initialBrowserUrl=about:blank, javascriptEnabled=true, ignoreProtectedModeSettings=false, enableElementCacheCleanup=true, unexpectedAlertBehaviour=dismiss}]
Session ID: XXXXXXXX-XXXX-XXXX-XXXX-XXXX9b234803
*** Element info: {Using=id, value=user-name}
Command duration or timeout: 852 milliseconds
For documentation on this error, please visit: http://seleniumhq.org/exceptions/no_such_element.html
Build info: version: &apos;2.53.1&apos;, revision: &apos;a36b8b1cd5757287168e54b817830adce9b0158d&apos;, time: &apos;2016-06-30 19:26:09&apos;
System info: host: &apos;SL-1155.attlocal.net&apos;, ip: &apos;192.168.1.104&apos;, os.name: &apos;Mac OS X&apos;, os.arch: &apos;x86_64&apos;, os.version: &apos;10.14&apos;, java.version: &apos;11.0.2&apos;
Driver info: org.openqa.selenium.remote.RemoteWebDriver
Capabilities [{enablePersistentHover=true, ie.fileUploadDialogTimeout=3000, platform=WINDOWS, ie.ensureCleanSession=false, ie.browserCommandLineSwitches=, requireWindowFocus=false, takesScreenshot=true, browserName=internet explorer, javascriptEnabled=true, unexpectedAlertBehaviour=dismiss, browserAttachTimeout=0, ie.enableFullPageScreenshot=true, ie.forceCreateProcessApi=false, ie.forceShellWindowsApi=false, pageLoadStrategy=normal, ignoreZoomSetting=false, hasMetadata=true, version=10, nativeEvents=true, elementScrollBehavior=0, webdriver.remote.sessionid=8204107ec82b4389b3242d4de0c9ef6e, initialBrowserUrl=about:blank, ignoreProtectedModeSettings=false, enableElementCacheCleanup=true, cssSelectorsEnabled=true}]
Session ID: 8204107ec82b4389b3242d4de0c9ef6e
*** Element info: {Using=id, value=user-name}Login Locked out User Passed
Starting Login Performance Glitch User function nowEnter username: performance_glitch_user</system-out>
  </testcase>
  <testcase classname="com.DemoTest.Tests.WebDemoTest" name="LoginPerfGlitchUser" time="0.93"/>
  <testcase classname="com.DemoTest.Tests.WebDemoTest" name="LoginPerfGlitchUser" time="4.607"/>
  <testcase classname="com.DemoTest.Tests.WebDemoTest" name="LoginPerfGlitchUser" time="5.601"/>
  <testcase classname="com.DemoTest.Tests.WebDemoTest" name="LoginPerfGlitchUser" time="6.072">
    <failure message="expected [false] but found [true]" type="java.lang.AssertionError">java.lang.AssertionError: expected [false] but found [true]
	at org.testng.Assert.fail(Assert.java:94)
	at org.testng.Assert.failNotEquals(Assert.java:513)
	at org.testng.Assert.assertEqualsImpl(Assert.java:135)
	at org.testng.Assert.assertEquals(Assert.java:116)
	at org.testng.Assert.assertEquals(Assert.java:179)
	at com.DemoTest.Tests.WebDemoTest.LoginPerfGlitchUser(WebDemoTest.java:91)
</failure>
    <system-out>Can&apos;t execute login Performance Glitch User function: org.openqa.selenium.NoSuchElementException: Unable to find element with id == user-name (WARNING: The server did not provide any stacktrace information)
Command duration or timeout: 312 milliseconds
For documentation on this error, please visit: http://seleniumhq.org/exceptions/no_such_element.html
Build info: version: &apos;2.53.1&apos;, revision: &apos;a36b8b1&apos;, time: &apos;2016-06-30 17:37:03&apos;
System info: host: &apos;SAUCE-M5KOC5RP6&apos;, ip: &apos;172.20.114.97&apos;, os.name: &apos;Windows Server 2008 R2&apos;, os.arch: &apos;amd64&apos;, os.version: &apos;6.1&apos;, java.version: &apos;1.8.0_131&apos;
Driver info: org.openqa.selenium.ie.InternetExplorerDriver
Capabilities [{browserAttachTimeout=0, ie.enableFullPageScreenshot=true, enablePersistentHover=true, ie.forceCreateProcessApi=false, ie.forceShellWindowsApi=false, pageLoadStrategy=normal, ignoreZoomSetting=false, ie.fileUploadDialogTimeout=3000, version=11, platform=WINDOWS, nativeEvents=true, ie.ensureCleanSession=false, elementScrollBehavior=0, ie.browserCommandLineSwitches=, requireWindowFocus=false, browserName=internet explorer, initialBrowserUrl=about:blank, javascriptEnabled=true, ignoreProtectedModeSettings=false, enableElementCacheCleanup=true, unexpectedAlertBehaviour=dismiss}]
Session ID: XXXXXXXX-XXXX-XXXX-XXXX-XXXXb486cb05
*** Element info: {Using=id, value=user-name}
Command duration or timeout: 805 milliseconds
For documentation on this error, please visit: http://seleniumhq.org/exceptions/no_such_element.html
Build info: version: &apos;2.53.1&apos;, revision: &apos;a36b8b1cd5757287168e54b817830adce9b0158d&apos;, time: &apos;2016-06-30 19:26:09&apos;
System info: host: &apos;SL-1155.attlocal.net&apos;, ip: &apos;192.168.1.104&apos;, os.name: &apos;Mac OS X&apos;, os.arch: &apos;x86_64&apos;, os.version: &apos;10.14&apos;, java.version: &apos;11.0.2&apos;
Driver info: org.openqa.selenium.remote.RemoteWebDriver
Capabilities [{enablePersistentHover=true, ie.fileUploadDialogTimeout=3000, platform=WINDOWS, ie.ensureCleanSession=false, ie.browserCommandLineSwitches=, requireWindowFocus=false, takesScreenshot=true, browserName=internet explorer, javascriptEnabled=true, unexpectedAlertBehaviour=dismiss, browserAttachTimeout=0, ie.enableFullPageScreenshot=true, ie.forceCreateProcessApi=false, ie.forceShellWindowsApi=false, pageLoadStrategy=normal, ignoreZoomSetting=false, hasMetadata=true, version=11, nativeEvents=true, elementScrollBehavior=0, webdriver.remote.sessionid=ab160e5b86be456e9dc6904543c6f99e, initialBrowserUrl=about:blank, ignoreProtectedModeSettings=false, enableElementCacheCleanup=true, cssSelectorsEnabled=true}]
Session ID: ab160e5b86be456e9dc6904543c6f99e
*** Element info: {Using=id, value=user-name}</system-out>
  </testcase>
  <testcase classname="com.DemoTest.Tests.WebDemoTest" name="LoginPerfGlitchUser" time="9.248"/>
  <testcase classname="com.DemoTest.Tests.WebDemoTest" name="LoginPerfGlitchUser" time="20.908"/>
  <testcase classname="com.DemoTest.Tests.WebDemoTest" name="LoginPerfGlitchUser" time="22.185"/>
  <testcase classname="com.DemoTest.Tests.WebDemoTest" name="LoginPerfGlitchUser" time="29.316"/>
  <testcase classname="com.DemoTest.Tests.WebDemoTest" name="LoginPerfGlitchUser" time="32.276"/>
</testsuite>