<?xml version="1.0" encoding="UTF-8"?>
<testng-results total="12" passed="12" failed="0" skipped="0">
  <reporter-output>
  </reporter-output>
  <suite started-at="2019-04-30T14:19:39Z" name="Command line suite" finished-at="2019-04-30T14:20:44Z" duration-ms="65454">
    <groups>
    </groups>
    <test started-at="2019-04-30T14:19:39Z" name="Command line test" finished-at="2019-04-30T14:20:44Z" duration-ms="65454">
      <class name="com.DemoTest.Tests.WebDemoTest">
        <test-method signature="Login(java.lang.String, java.lang.String, java.lang.String, java.lang.reflect.Method)[pri:0, instance:com.DemoTest.Tests.WebDemoTest@3c9d0b9d]" started-at="2019-04-30T09:19:39Z" name="Login" data-provider="hardCodedBrowserslinux" finished-at="2019-04-30T09:20:15Z" duration-ms="36115" status="PASS">
          <params>
            <param index="0">
              <value>
                <![CDATA[chrome]]>
              </value>
            </param>
            <param index="1">
              <value>
                <![CDATA[latest]]>
              </value>
            </param>
            <param index="2">
              <value>
                <![CDATA[macOS 10.14]]>
              </value>
            </param>
            <param index="3">
              <value>
                <![CDATA[public void com.DemoTest.Tests.WebDemoTest.Login(java.lang.String,java.lang.String,java.lang.String,java.lang.reflect.Method) throws java.net.MalformedURLException,org.openqa.selenium.InvalidElementStateException,java.rmi.UnexpectedException]]>
              </value>
            </param>
          </params>
          <reporter-output>
          </reporter-output>
        </test-method> <!-- Login -->
        <test-method signature="Login(java.lang.String, java.lang.String, java.lang.String, java.lang.reflect.Method)[pri:0, instance:com.DemoTest.Tests.WebDemoTest@3c9d0b9d]" started-at="2019-04-30T09:19:39Z" name="Login" data-provider="hardCodedBrowserslinux" finished-at="2019-04-30T09:20:09Z" duration-ms="30017" status="PASS">
          <params>
            <param index="0">
              <value>
                <![CDATA[chrome]]>
              </value>
            </param>
            <param index="1">
              <value>
                <![CDATA[latest]]>
              </value>
            </param>
            <param index="2">
              <value>
                <![CDATA[Linux]]>
              </value>
            </param>
            <param index="3">
              <value>
                <![CDATA[public void com.DemoTest.Tests.WebDemoTest.Login(java.lang.String,java.lang.String,java.lang.String,java.lang.reflect.Method) throws java.net.MalformedURLException,org.openqa.selenium.InvalidElementStateException,java.rmi.UnexpectedException]]>
              </value>
            </param>
          </params>
          <reporter-output>
          </reporter-output>
        </test-method> <!-- Login -->
        <test-method signature="Login(java.lang.String, java.lang.String, java.lang.String, java.lang.reflect.Method)[pri:0, instance:com.DemoTest.Tests.WebDemoTest@3c9d0b9d]" started-at="2019-04-30T09:19:39Z" name="Login" data-provider="hardCodedBrowserslinux" finished-at="2019-04-30T09:20:10Z" duration-ms="30853" status="PASS">
          <params>
            <param index="0">
              <value>
                <![CDATA[firefox]]>
              </value>
            </param>
            <param index="1">
              <value>
                <![CDATA[latest]]>
              </value>
            </param>
            <param index="2">
              <value>
                <![CDATA[Linux]]>
              </value>
            </param>
            <param index="3">
              <value>
                <![CDATA[public void com.DemoTest.Tests.WebDemoTest.Login(java.lang.String,java.lang.String,java.lang.String,java.lang.reflect.Method) throws java.net.MalformedURLException,org.openqa.selenium.InvalidElementStateException,java.rmi.UnexpectedException]]>
              </value>
            </param>
          </params>
          <reporter-output>
          </reporter-output>
        </test-method> <!-- Login -->
        <test-method is-config="true" signature="tearDown(org.testng.ITestResult)[pri:0, instance:com.DemoTest.Tests.WebDemoTest@3c9d0b9d]" started-at="2019-04-30T09:20:09Z" name="tearDown" finished-at="2019-04-30T09:20:09Z" duration-ms="624" status="PASS">
          <params>
            <param index="0">
              <value>
                <![CDATA[[TestResult name=Login status=SUCCESS method=WebDemoTest.Login(java.lang.String, java.lang.String, java.lang.String, java.lang.reflect.Method)[pri:0, instance:com.DemoTest.Tests.WebDemoTest@3c9d0b9d] output={null}]]]>
              </value>
            </param>
          </params>
          <reporter-output>
          </reporter-output>
        </test-method> <!-- tearDown -->
        <test-method is-config="true" signature="tearDown(org.testng.ITestResult)[pri:0, instance:com.DemoTest.Tests.WebDemoTest@3c9d0b9d]" started-at="2019-04-30T09:20:10Z" name="tearDown" finished-at="2019-04-30T09:20:10Z" duration-ms="599" status="PASS">
          <params>
            <param index="0">
              <value>
                <![CDATA[[TestResult name=Login status=SUCCESS method=WebDemoTest.Login(java.lang.String, java.lang.String, java.lang.String, java.lang.reflect.Method)[pri:0, instance:com.DemoTest.Tests.WebDemoTest@3c9d0b9d] output={null}]]]>
              </value>
            </param>
          </params>
          <reporter-output>
          </reporter-output>
        </test-method> <!-- tearDown -->
        <test-method is-config="true" signature="tearDown(org.testng.ITestResult)[pri:0, instance:com.DemoTest.Tests.WebDemoTest@3c9d0b9d]" started-at="2019-04-30T09:20:15Z" name="tearDown" finished-at="2019-04-30T09:20:15Z" duration-ms="432" status="PASS">
          <params>
            <param index="0">
              <value>
                <![CDATA[[TestResult name=Login status=SUCCESS method=WebDemoTest.Login(java.lang.String, java.lang.String, java.lang.String, java.lang.reflect.Method)[pri:0, instance:com.DemoTest.Tests.WebDemoTest@3c9d0b9d] output={null}]]]>
              </value>
            </param>
          </params>
          <reporter-output>
          </reporter-output>
        </test-method> <!-- tearDown -->
        <test-method signature="Loginother(java.lang.String, java.lang.String, java.lang.String, java.lang.reflect.Method)[pri:0, instance:com.DemoTest.Tests.WebDemoTest@3c9d0b9d]" started-at="2019-04-30T09:20:15Z" name="Loginother" data-provider="hardCodedBrowsers" finished-at="2019-04-30T09:20:40Z" duration-ms="24688" status="PASS">
          <params>
            <param index="0">
              <value>
                <![CDATA[firefox]]>
              </value>
            </param>
            <param index="1">
              <value>
                <![CDATA[latest]]>
              </value>
            </param>
            <param index="2">
              <value>
                <![CDATA[Linux]]>
              </value>
            </param>
            <param index="3">
              <value>
                <![CDATA[public void com.DemoTest.Tests.WebDemoTest.Loginother(java.lang.String,java.lang.String,java.lang.String,java.lang.reflect.Method) throws java.net.MalformedURLException,org.openqa.selenium.InvalidElementStateException,java.rmi.UnexpectedException]]>
              </value>
            </param>
          </params>
          <reporter-output>
          </reporter-output>
        </test-method> <!-- Loginother -->
        <test-method signature="Loginother(java.lang.String, java.lang.String, java.lang.String, java.lang.reflect.Method)[pri:0, instance:com.DemoTest.Tests.WebDemoTest@3c9d0b9d]" started-at="2019-04-30T09:20:15Z" name="Loginother" data-provider="hardCodedBrowsers" finished-at="2019-04-30T09:20:37Z" duration-ms="21957" status="PASS">
          <params>
            <param index="0">
              <value>
                <![CDATA[chrome]]>
              </value>
            </param>
            <param index="1">
              <value>
                <![CDATA[latest -1]]>
              </value>
            </param>
            <param index="2">
              <value>
                <![CDATA[Linux]]>
              </value>
            </param>
            <param index="3">
              <value>
                <![CDATA[public void com.DemoTest.Tests.WebDemoTest.Loginother(java.lang.String,java.lang.String,java.lang.String,java.lang.reflect.Method) throws java.net.MalformedURLException,org.openqa.selenium.InvalidElementStateException,java.rmi.UnexpectedException]]>
              </value>
            </param>
          </params>
          <reporter-output>
          </reporter-output>
        </test-method> <!-- Loginother -->
        <test-method signature="Loginother(java.lang.String, java.lang.String, java.lang.String, java.lang.reflect.Method)[pri:0, instance:com.DemoTest.Tests.WebDemoTest@3c9d0b9d]" started-at="2019-04-30T09:20:15Z" name="Loginother" data-provider="hardCodedBrowsers" finished-at="2019-04-30T09:20:37Z" duration-ms="22102" status="PASS">
          <params>
            <param index="0">
              <value>
                <![CDATA[chrome]]>
              </value>
            </param>
            <param index="1">
              <value>
                <![CDATA[latest]]>
              </value>
            </param>
            <param index="2">
              <value>
                <![CDATA[Linux]]>
              </value>
            </param>
            <param index="3">
              <value>
                <![CDATA[public void com.DemoTest.Tests.WebDemoTest.Loginother(java.lang.String,java.lang.String,java.lang.String,java.lang.reflect.Method) throws java.net.MalformedURLException,org.openqa.selenium.InvalidElementStateException,java.rmi.UnexpectedException]]>
              </value>
            </param>
          </params>
          <reporter-output>
          </reporter-output>
        </test-method> <!-- Loginother -->
        <test-method signature="Loginother(java.lang.String, java.lang.String, java.lang.String, java.lang.reflect.Method)[pri:0, instance:com.DemoTest.Tests.WebDemoTest@3c9d0b9d]" started-at="2019-04-30T09:20:15Z" name="Loginother" data-provider="hardCodedBrowsers" finished-at="2019-04-30T09:20:37Z" duration-ms="21641" status="PASS">
          <params>
            <param index="0">
              <value>
                <![CDATA[chrome]]>
              </value>
            </param>
            <param index="1">
              <value>
                <![CDATA[latest]]>
              </value>
            </param>
            <param index="2">
              <value>
                <![CDATA[Windows 10]]>
              </value>
            </param>
            <param index="3">
              <value>
                <![CDATA[public void com.DemoTest.Tests.WebDemoTest.Loginother(java.lang.String,java.lang.String,java.lang.String,java.lang.reflect.Method) throws java.net.MalformedURLException,org.openqa.selenium.InvalidElementStateException,java.rmi.UnexpectedException]]>
              </value>
            </param>
          </params>
          <reporter-output>
          </reporter-output>
        </test-method> <!-- Loginother -->
        <test-method signature="Loginother(java.lang.String, java.lang.String, java.lang.String, java.lang.reflect.Method)[pri:0, instance:com.DemoTest.Tests.WebDemoTest@3c9d0b9d]" started-at="2019-04-30T09:20:15Z" name="Loginother" data-provider="hardCodedBrowsers" finished-at="2019-04-30T09:20:42Z" duration-ms="26664" status="PASS">
          <params>
            <param index="0">
              <value>
                <![CDATA[firefox]]>
              </value>
            </param>
            <param index="1">
              <value>
                <![CDATA[latest]]>
              </value>
            </param>
            <param index="2">
              <value>
                <![CDATA[Windows 8.1]]>
              </value>
            </param>
            <param index="3">
              <value>
                <![CDATA[public void com.DemoTest.Tests.WebDemoTest.Loginother(java.lang.String,java.lang.String,java.lang.String,java.lang.reflect.Method) throws java.net.MalformedURLException,org.openqa.selenium.InvalidElementStateException,java.rmi.UnexpectedException]]>
              </value>
            </param>
          </params>
          <reporter-output>
          </reporter-output>
        </test-method> <!-- Loginother -->
        <test-method signature="Loginother(java.lang.String, java.lang.String, java.lang.String, java.lang.reflect.Method)[pri:0, instance:com.DemoTest.Tests.WebDemoTest@3c9d0b9d]" started-at="2019-04-30T09:20:15Z" name="Loginother" data-provider="hardCodedBrowsers" finished-at="2019-04-30T09:20:37Z" duration-ms="21524" status="PASS">
          <params>
            <param index="0">
              <value>
                <![CDATA[chrome]]>
              </value>
            </param>
            <param index="1">
              <value>
                <![CDATA[latest]]>
              </value>
            </param>
            <param index="2">
              <value>
                <![CDATA[Windows 8]]>
              </value>
            </param>
            <param index="3">
              <value>
                <![CDATA[public void com.DemoTest.Tests.WebDemoTest.Loginother(java.lang.String,java.lang.String,java.lang.String,java.lang.reflect.Method) throws java.net.MalformedURLException,org.openqa.selenium.InvalidElementStateException,java.rmi.UnexpectedException]]>
              </value>
            </param>
          </params>
          <reporter-output>
          </reporter-output>
        </test-method> <!-- Loginother -->
        <test-method signature="Loginother(java.lang.String, java.lang.String, java.lang.String, java.lang.reflect.Method)[pri:0, instance:com.DemoTest.Tests.WebDemoTest@3c9d0b9d]" started-at="2019-04-30T09:20:15Z" name="Loginother" data-provider="hardCodedBrowsers" finished-at="2019-04-30T09:20:44Z" duration-ms="28580" status="PASS">
          <params>
            <param index="0">
              <value>
                <![CDATA[firefox]]>
              </value>
            </param>
            <param index="1">
              <value>
                <![CDATA[latest]]>
              </value>
            </param>
            <param index="2">
              <value>
                <![CDATA[Windows 7]]>
              </value>
            </param>
            <param index="3">
              <value>
                <![CDATA[public void com.DemoTest.Tests.WebDemoTest.Loginother(java.lang.String,java.lang.String,java.lang.String,java.lang.reflect.Method) throws java.net.MalformedURLException,org.openqa.selenium.InvalidElementStateException,java.rmi.UnexpectedException]]>
              </value>
            </param>
          </params>
          <reporter-output>
          </reporter-output>
        </test-method> <!-- Loginother -->
        <test-method signature="Loginother(java.lang.String, java.lang.String, java.lang.String, java.lang.reflect.Method)[pri:0, instance:com.DemoTest.Tests.WebDemoTest@3c9d0b9d]" started-at="2019-04-30T09:20:15Z" name="Loginother" data-provider="hardCodedBrowsers" finished-at="2019-04-30T09:20:37Z" duration-ms="21945" status="PASS">
          <params>
            <param index="0">
              <value>
                <![CDATA[chrome]]>
              </value>
            </param>
            <param index="1">
              <value>
                <![CDATA[latest]]>
              </value>
            </param>
            <param index="2">
              <value>
                <![CDATA[Windows 8.1]]>
              </value>
            </param>
            <param index="3">
              <value>
                <![CDATA[public void com.DemoTest.Tests.WebDemoTest.Loginother(java.lang.String,java.lang.String,java.lang.String,java.lang.reflect.Method) throws java.net.MalformedURLException,org.openqa.selenium.InvalidElementStateException,java.rmi.UnexpectedException]]>
              </value>
            </param>
          </params>
          <reporter-output>
          </reporter-output>
        </test-method> <!-- Loginother -->
        <test-method signature="Loginother(java.lang.String, java.lang.String, java.lang.String, java.lang.reflect.Method)[pri:0, instance:com.DemoTest.Tests.WebDemoTest@3c9d0b9d]" started-at="2019-04-30T09:20:15Z" name="Loginother" data-provider="hardCodedBrowsers" finished-at="2019-04-30T09:20:39Z" duration-ms="23595" status="PASS">
          <params>
            <param index="0">
              <value>
                <![CDATA[chrome]]>
              </value>
            </param>
            <param index="1">
              <value>
                <![CDATA[latest]]>
              </value>
            </param>
            <param index="2">
              <value>
                <![CDATA[Windows 7]]>
              </value>
            </param>
            <param index="3">
              <value>
                <![CDATA[public void com.DemoTest.Tests.WebDemoTest.Loginother(java.lang.String,java.lang.String,java.lang.String,java.lang.reflect.Method) throws java.net.MalformedURLException,org.openqa.selenium.InvalidElementStateException,java.rmi.UnexpectedException]]>
              </value>
            </param>
          </params>
          <reporter-output>
          </reporter-output>
        </test-method> <!-- Loginother -->
        <test-method is-config="true" signature="tearDown(org.testng.ITestResult)[pri:0, instance:com.DemoTest.Tests.WebDemoTest@3c9d0b9d]" started-at="2019-04-30T09:20:37Z" name="tearDown" finished-at="2019-04-30T09:20:37Z" duration-ms="340" status="PASS">
          <params>
            <param index="0">
              <value>
                <![CDATA[[TestResult name=Loginother status=SUCCESS method=WebDemoTest.Loginother(java.lang.String, java.lang.String, java.lang.String, java.lang.reflect.Method)[pri:0, instance:com.DemoTest.Tests.WebDemoTest@3c9d0b9d] output={null}]]]>
              </value>
            </param>
          </params>
          <reporter-output>
          </reporter-output>
        </test-method> <!-- tearDown -->
        <test-method is-config="true" signature="tearDown(org.testng.ITestResult)[pri:0, instance:com.DemoTest.Tests.WebDemoTest@3c9d0b9d]" started-at="2019-04-30T09:20:37Z" name="tearDown" finished-at="2019-04-30T09:20:37Z" duration-ms="477" status="PASS">
          <params>
            <param index="0">
              <value>
                <![CDATA[[TestResult name=Loginother status=SUCCESS method=WebDemoTest.Loginother(java.lang.String, java.lang.String, java.lang.String, java.lang.reflect.Method)[pri:0, instance:com.DemoTest.Tests.WebDemoTest@3c9d0b9d] output={null}]]]>
              </value>
            </param>
          </params>
          <reporter-output>
          </reporter-output>
        </test-method> <!-- tearDown -->
        <test-method is-config="true" signature="tearDown(org.testng.ITestResult)[pri:0, instance:com.DemoTest.Tests.WebDemoTest@3c9d0b9d]" started-at="2019-04-30T09:20:37Z" name="tearDown" finished-at="2019-04-30T09:20:38Z" duration-ms="472" status="PASS">
          <params>
            <param index="0">
              <value>
                <![CDATA[[TestResult name=Loginother status=SUCCESS method=WebDemoTest.Loginother(java.lang.String, java.lang.String, java.lang.String, java.lang.reflect.Method)[pri:0, instance:com.DemoTest.Tests.WebDemoTest@3c9d0b9d] output={null}]]]>
              </value>
            </param>
          </params>
          <reporter-output>
          </reporter-output>
        </test-method> <!-- tearDown -->
        <test-method is-config="true" signature="tearDown(org.testng.ITestResult)[pri:0, instance:com.DemoTest.Tests.WebDemoTest@3c9d0b9d]" started-at="2019-04-30T09:20:37Z" name="tearDown" finished-at="2019-04-30T09:20:38Z" duration-ms="483" status="PASS">
          <params>
            <param index="0">
              <value>
                <![CDATA[[TestResult name=Loginother status=SUCCESS method=WebDemoTest.Loginother(java.lang.String, java.lang.String, java.lang.String, java.lang.reflect.Method)[pri:0, instance:com.DemoTest.Tests.WebDemoTest@3c9d0b9d] output={null}]]]>
              </value>
            </param>
          </params>
          <reporter-output>
          </reporter-output>
        </test-method> <!-- tearDown -->
        <test-method is-config="true" signature="tearDown(org.testng.ITestResult)[pri:0, instance:com.DemoTest.Tests.WebDemoTest@3c9d0b9d]" started-at="2019-04-30T09:20:37Z" name="tearDown" finished-at="2019-04-30T09:20:38Z" duration-ms="672" status="PASS">
          <params>
            <param index="0">
              <value>
                <![CDATA[[TestResult name=Loginother status=SUCCESS method=WebDemoTest.Loginother(java.lang.String, java.lang.String, java.lang.String, java.lang.reflect.Method)[pri:0, instance:com.DemoTest.Tests.WebDemoTest@3c9d0b9d] output={null}]]]>
              </value>
            </param>
          </params>
          <reporter-output>
          </reporter-output>
        </test-method> <!-- tearDown -->
        <test-method is-config="true" signature="tearDown(org.testng.ITestResult)[pri:0, instance:com.DemoTest.Tests.WebDemoTest@3c9d0b9d]" started-at="2019-04-30T09:20:39Z" name="tearDown" finished-at="2019-04-30T09:20:39Z" duration-ms="384" status="PASS">
          <params>
            <param index="0">
              <value>
                <![CDATA[[TestResult name=Loginother status=SUCCESS method=WebDemoTest.Loginother(java.lang.String, java.lang.String, java.lang.String, java.lang.reflect.Method)[pri:0, instance:com.DemoTest.Tests.WebDemoTest@3c9d0b9d] output={null}]]]>
              </value>
            </param>
          </params>
          <reporter-output>
          </reporter-output>
        </test-method> <!-- tearDown -->
        <test-method is-config="true" signature="tearDown(org.testng.ITestResult)[pri:0, instance:com.DemoTest.Tests.WebDemoTest@3c9d0b9d]" started-at="2019-04-30T09:20:40Z" name="tearDown" finished-at="2019-04-30T09:20:41Z" duration-ms="1073" status="PASS">
          <params>
            <param index="0">
              <value>
                <![CDATA[[TestResult name=Loginother status=SUCCESS method=WebDemoTest.Loginother(java.lang.String, java.lang.String, java.lang.String, java.lang.reflect.Method)[pri:0, instance:com.DemoTest.Tests.WebDemoTest@3c9d0b9d] output={null}]]]>
              </value>
            </param>
          </params>
          <reporter-output>
          </reporter-output>
        </test-method> <!-- tearDown -->
        <test-method is-config="true" signature="tearDown(org.testng.ITestResult)[pri:0, instance:com.DemoTest.Tests.WebDemoTest@3c9d0b9d]" started-at="2019-04-30T09:20:42Z" name="tearDown" finished-at="2019-04-30T09:20:42Z" duration-ms="357" status="PASS">
          <params>
            <param index="0">
              <value>
                <![CDATA[[TestResult name=Loginother status=SUCCESS method=WebDemoTest.Loginother(java.lang.String, java.lang.String, java.lang.String, java.lang.reflect.Method)[pri:0, instance:com.DemoTest.Tests.WebDemoTest@3c9d0b9d] output={null}]]]>
              </value>
            </param>
          </params>
          <reporter-output>
          </reporter-output>
        </test-method> <!-- tearDown -->
        <test-method is-config="true" signature="tearDown(org.testng.ITestResult)[pri:0, instance:com.DemoTest.Tests.WebDemoTest@3c9d0b9d]" started-at="2019-04-30T09:20:44Z" name="tearDown" finished-at="2019-04-30T09:20:44Z" duration-ms="304" status="PASS">
          <params>
            <param index="0">
              <value>
                <![CDATA[[TestResult name=Loginother status=SUCCESS method=WebDemoTest.Loginother(java.lang.String, java.lang.String, java.lang.String, java.lang.reflect.Method)[pri:0, instance:com.DemoTest.Tests.WebDemoTest@3c9d0b9d] output={null}]]]>
              </value>
            </param>
          </params>
          <reporter-output>
          </reporter-output>
        </test-method> <!-- tearDown -->
      </class> <!-- com.DemoTest.Tests.WebDemoTest -->
    </test> <!-- Command line test -->
  </suite> <!-- Command line suite -->
</testng-results>
