<?xml version="1.0" encoding="UTF-8"?>
<testng-results skipped="0" failed="0" total="12" passed="12">
  <reporter-output>
  </reporter-output>
  <suite name="Command line suite" duration-ms="75671" started-at="2019-02-28T20:54:50Z" finished-at="2019-02-28T20:56:05Z">
    <groups>
    </groups>
    <test name="Command line test" duration-ms="75671" started-at="2019-02-28T20:54:50Z" finished-at="2019-02-28T20:56:05Z">
      <class name="com.DemoTest.Tests.WebDemoTest">
        <test-method status="PASS" signature="Login(java.lang.String, java.lang.String, java.lang.String, java.lang.reflect.Method)[pri:0, instance:com.DemoTest.Tests.WebDemoTest@4cb2c100]" name="Login" duration-ms="33238" started-at="2019-02-28T14:54:50Z" data-provider="hardCodedBrowserslinux" finished-at="2019-02-28T14:55:23Z">
          <params>
            <param index="0">
              <value>
                <![CDATA[firefox]]>
              </value>
            </param>
            <param index="1">
              <value>
                <![CDATA[latest]]>
              </value>
            </param>
            <param index="2">
              <value>
                <![CDATA[Linux]]>
              </value>
            </param>
            <param index="3">
              <value>
                <![CDATA[public void com.DemoTest.Tests.WebDemoTest.Login(java.lang.String,java.lang.String,java.lang.String,java.lang.reflect.Method) throws java.net.MalformedURLException,org.openqa.selenium.InvalidElementStateException,java.rmi.UnexpectedException]]>
              </value>
            </param>
          </params>
          <reporter-output>
          </reporter-output>
        </test-method> <!-- Login -->
        <test-method status="PASS" signature="Login(java.lang.String, java.lang.String, java.lang.String, java.lang.reflect.Method)[pri:0, instance:com.DemoTest.Tests.WebDemoTest@4cb2c100]" name="Login" duration-ms="31669" started-at="2019-02-28T14:54:50Z" data-provider="hardCodedBrowserslinux" finished-at="2019-02-28T14:55:21Z">
          <params>
            <param index="0">
              <value>
                <![CDATA[chrome]]>
              </value>
            </param>
            <param index="1">
              <value>
                <![CDATA[latest]]>
              </value>
            </param>
            <param index="2">
              <value>
                <![CDATA[Linux]]>
              </value>
            </param>
            <param index="3">
              <value>
                <![CDATA[public void com.DemoTest.Tests.WebDemoTest.Login(java.lang.String,java.lang.String,java.lang.String,java.lang.reflect.Method) throws java.net.MalformedURLException,org.openqa.selenium.InvalidElementStateException,java.rmi.UnexpectedException]]>
              </value>
            </param>
          </params>
          <reporter-output>
          </reporter-output>
        </test-method> <!-- Login -->
        <test-method status="PASS" signature="Login(java.lang.String, java.lang.String, java.lang.String, java.lang.reflect.Method)[pri:0, instance:com.DemoTest.Tests.WebDemoTest@4cb2c100]" name="Login" duration-ms="42474" started-at="2019-02-28T14:54:50Z" data-provider="hardCodedBrowserslinux" finished-at="2019-02-28T14:55:32Z">
          <params>
            <param index="0">
              <value>
                <![CDATA[chrome]]>
              </value>
            </param>
            <param index="1">
              <value>
                <![CDATA[latest]]>
              </value>
            </param>
            <param index="2">
              <value>
                <![CDATA[macOS 10.14]]>
              </value>
            </param>
            <param index="3">
              <value>
                <![CDATA[public void com.DemoTest.Tests.WebDemoTest.Login(java.lang.String,java.lang.String,java.lang.String,java.lang.reflect.Method) throws java.net.MalformedURLException,org.openqa.selenium.InvalidElementStateException,java.rmi.UnexpectedException]]>
              </value>
            </param>
          </params>
          <reporter-output>
          </reporter-output>
        </test-method> <!-- Login -->
        <test-method status="PASS" signature="tearDown(org.testng.ITestResult)[pri:0, instance:com.DemoTest.Tests.WebDemoTest@4cb2c100]" name="tearDown" is-config="true" duration-ms="2530" started-at="2019-02-28T14:55:21Z" finished-at="2019-02-28T14:55:24Z">
          <params>
            <param index="0">
              <value>
                <![CDATA[[TestResult name=Login status=SUCCESS method=WebDemoTest.Login(java.lang.String, java.lang.String, java.lang.String, java.lang.reflect.Method)[pri:0, instance:com.DemoTest.Tests.WebDemoTest@4cb2c100] output={null}]]]>
              </value>
            </param>
          </params>
          <reporter-output>
          </reporter-output>
        </test-method> <!-- tearDown -->
        <test-method status="PASS" signature="tearDown(org.testng.ITestResult)[pri:0, instance:com.DemoTest.Tests.WebDemoTest@4cb2c100]" name="tearDown" is-config="true" duration-ms="553" started-at="2019-02-28T14:55:23Z" finished-at="2019-02-28T14:55:24Z">
          <params>
            <param index="0">
              <value>
                <![CDATA[[TestResult name=Login status=SUCCESS method=WebDemoTest.Login(java.lang.String, java.lang.String, java.lang.String, java.lang.reflect.Method)[pri:0, instance:com.DemoTest.Tests.WebDemoTest@4cb2c100] output={null}]]]>
              </value>
            </param>
          </params>
          <reporter-output>
          </reporter-output>
        </test-method> <!-- tearDown -->
        <test-method status="PASS" signature="tearDown(org.testng.ITestResult)[pri:0, instance:com.DemoTest.Tests.WebDemoTest@4cb2c100]" name="tearDown" is-config="true" duration-ms="531" started-at="2019-02-28T14:55:32Z" finished-at="2019-02-28T14:55:33Z">
          <params>
            <param index="0">
              <value>
                <![CDATA[[TestResult name=Login status=SUCCESS method=WebDemoTest.Login(java.lang.String, java.lang.String, java.lang.String, java.lang.reflect.Method)[pri:0, instance:com.DemoTest.Tests.WebDemoTest@4cb2c100] output={null}]]]>
              </value>
            </param>
          </params>
          <reporter-output>
          </reporter-output>
        </test-method> <!-- tearDown -->
        <test-method status="PASS" signature="Loginother(java.lang.String, java.lang.String, java.lang.String, java.lang.reflect.Method)[pri:0, instance:com.DemoTest.Tests.WebDemoTest@4cb2c100]" name="Loginother" duration-ms="23325" started-at="2019-02-28T14:55:33Z" data-provider="hardCodedBrowsers" finished-at="2019-02-28T14:55:56Z">
          <params>
            <param index="0">
              <value>
                <![CDATA[chrome]]>
              </value>
            </param>
            <param index="1">
              <value>
                <![CDATA[latest -1]]>
              </value>
            </param>
            <param index="2">
              <value>
                <![CDATA[Linux]]>
              </value>
            </param>
            <param index="3">
              <value>
                <![CDATA[public void com.DemoTest.Tests.WebDemoTest.Loginother(java.lang.String,java.lang.String,java.lang.String,java.lang.reflect.Method) throws java.net.MalformedURLException,org.openqa.selenium.InvalidElementStateException,java.rmi.UnexpectedException]]>
              </value>
            </param>
          </params>
          <reporter-output>
          </reporter-output>
        </test-method> <!-- Loginother -->
        <test-method status="PASS" signature="Loginother(java.lang.String, java.lang.String, java.lang.String, java.lang.reflect.Method)[pri:0, instance:com.DemoTest.Tests.WebDemoTest@4cb2c100]" name="Loginother" duration-ms="22791" started-at="2019-02-28T14:55:33Z" data-provider="hardCodedBrowsers" finished-at="2019-02-28T14:55:56Z">
          <params>
            <param index="0">
              <value>
                <![CDATA[chrome]]>
              </value>
            </param>
            <param index="1">
              <value>
                <![CDATA[latest]]>
              </value>
            </param>
            <param index="2">
              <value>
                <![CDATA[Linux]]>
              </value>
            </param>
            <param index="3">
              <value>
                <![CDATA[public void com.DemoTest.Tests.WebDemoTest.Loginother(java.lang.String,java.lang.String,java.lang.String,java.lang.reflect.Method) throws java.net.MalformedURLException,org.openqa.selenium.InvalidElementStateException,java.rmi.UnexpectedException]]>
              </value>
            </param>
          </params>
          <reporter-output>
          </reporter-output>
        </test-method> <!-- Loginother -->
        <test-method status="PASS" signature="Loginother(java.lang.String, java.lang.String, java.lang.String, java.lang.reflect.Method)[pri:0, instance:com.DemoTest.Tests.WebDemoTest@4cb2c100]" name="Loginother" duration-ms="29663" started-at="2019-02-28T14:55:33Z" data-provider="hardCodedBrowsers" finished-at="2019-02-28T14:56:02Z">
          <params>
            <param index="0">
              <value>
                <![CDATA[firefox]]>
              </value>
            </param>
            <param index="1">
              <value>
                <![CDATA[latest]]>
              </value>
            </param>
            <param index="2">
              <value>
                <![CDATA[Linux]]>
              </value>
            </param>
            <param index="3">
              <value>
                <![CDATA[public void com.DemoTest.Tests.WebDemoTest.Loginother(java.lang.String,java.lang.String,java.lang.String,java.lang.reflect.Method) throws java.net.MalformedURLException,org.openqa.selenium.InvalidElementStateException,java.rmi.UnexpectedException]]>
              </value>
            </param>
          </params>
          <reporter-output>
          </reporter-output>
        </test-method> <!-- Loginother -->
        <test-method status="PASS" signature="Loginother(java.lang.String, java.lang.String, java.lang.String, java.lang.reflect.Method)[pri:0, instance:com.DemoTest.Tests.WebDemoTest@4cb2c100]" name="Loginother" duration-ms="25888" started-at="2019-02-28T14:55:33Z" data-provider="hardCodedBrowsers" finished-at="2019-02-28T14:55:59Z">
          <params>
            <param index="0">
              <value>
                <![CDATA[chrome]]>
              </value>
            </param>
            <param index="1">
              <value>
                <![CDATA[latest]]>
              </value>
            </param>
            <param index="2">
              <value>
                <![CDATA[Windows 8.1]]>
              </value>
            </param>
            <param index="3">
              <value>
                <![CDATA[public void com.DemoTest.Tests.WebDemoTest.Loginother(java.lang.String,java.lang.String,java.lang.String,java.lang.reflect.Method) throws java.net.MalformedURLException,org.openqa.selenium.InvalidElementStateException,java.rmi.UnexpectedException]]>
              </value>
            </param>
          </params>
          <reporter-output>
          </reporter-output>
        </test-method> <!-- Loginother -->
        <test-method status="PASS" signature="Loginother(java.lang.String, java.lang.String, java.lang.String, java.lang.reflect.Method)[pri:0, instance:com.DemoTest.Tests.WebDemoTest@4cb2c100]" name="Loginother" duration-ms="23464" started-at="2019-02-28T14:55:33Z" data-provider="hardCodedBrowsers" finished-at="2019-02-28T14:55:56Z">
          <params>
            <param index="0">
              <value>
                <![CDATA[chrome]]>
              </value>
            </param>
            <param index="1">
              <value>
                <![CDATA[latest]]>
              </value>
            </param>
            <param index="2">
              <value>
                <![CDATA[Windows 10]]>
              </value>
            </param>
            <param index="3">
              <value>
                <![CDATA[public void com.DemoTest.Tests.WebDemoTest.Loginother(java.lang.String,java.lang.String,java.lang.String,java.lang.reflect.Method) throws java.net.MalformedURLException,org.openqa.selenium.InvalidElementStateException,java.rmi.UnexpectedException]]>
              </value>
            </param>
          </params>
          <reporter-output>
          </reporter-output>
        </test-method> <!-- Loginother -->
        <test-method status="PASS" signature="Loginother(java.lang.String, java.lang.String, java.lang.String, java.lang.reflect.Method)[pri:0, instance:com.DemoTest.Tests.WebDemoTest@4cb2c100]" name="Loginother" duration-ms="32069" started-at="2019-02-28T14:55:33Z" data-provider="hardCodedBrowsers" finished-at="2019-02-28T14:56:05Z">
          <params>
            <param index="0">
              <value>
                <![CDATA[firefox]]>
              </value>
            </param>
            <param index="1">
              <value>
                <![CDATA[latest]]>
              </value>
            </param>
            <param index="2">
              <value>
                <![CDATA[Windows 8.1]]>
              </value>
            </param>
            <param index="3">
              <value>
                <![CDATA[public void com.DemoTest.Tests.WebDemoTest.Loginother(java.lang.String,java.lang.String,java.lang.String,java.lang.reflect.Method) throws java.net.MalformedURLException,org.openqa.selenium.InvalidElementStateException,java.rmi.UnexpectedException]]>
              </value>
            </param>
          </params>
          <reporter-output>
          </reporter-output>
        </test-method> <!-- Loginother -->
        <test-method status="PASS" signature="Loginother(java.lang.String, java.lang.String, java.lang.String, java.lang.reflect.Method)[pri:0, instance:com.DemoTest.Tests.WebDemoTest@4cb2c100]" name="Loginother" duration-ms="22553" started-at="2019-02-28T14:55:33Z" data-provider="hardCodedBrowsers" finished-at="2019-02-28T14:55:55Z">
          <params>
            <param index="0">
              <value>
                <![CDATA[chrome]]>
              </value>
            </param>
            <param index="1">
              <value>
                <![CDATA[latest]]>
              </value>
            </param>
            <param index="2">
              <value>
                <![CDATA[Windows 8]]>
              </value>
            </param>
            <param index="3">
              <value>
                <![CDATA[public void com.DemoTest.Tests.WebDemoTest.Loginother(java.lang.String,java.lang.String,java.lang.String,java.lang.reflect.Method) throws java.net.MalformedURLException,org.openqa.selenium.InvalidElementStateException,java.rmi.UnexpectedException]]>
              </value>
            </param>
          </params>
          <reporter-output>
          </reporter-output>
        </test-method> <!-- Loginother -->
        <test-method status="PASS" signature="Loginother(java.lang.String, java.lang.String, java.lang.String, java.lang.reflect.Method)[pri:0, instance:com.DemoTest.Tests.WebDemoTest@4cb2c100]" name="Loginother" duration-ms="28162" started-at="2019-02-28T14:55:33Z" data-provider="hardCodedBrowsers" finished-at="2019-02-28T14:56:01Z">
          <params>
            <param index="0">
              <value>
                <![CDATA[firefox]]>
              </value>
            </param>
            <param index="1">
              <value>
                <![CDATA[latest]]>
              </value>
            </param>
            <param index="2">
              <value>
                <![CDATA[Windows 7]]>
              </value>
            </param>
            <param index="3">
              <value>
                <![CDATA[public void com.DemoTest.Tests.WebDemoTest.Loginother(java.lang.String,java.lang.String,java.lang.String,java.lang.reflect.Method) throws java.net.MalformedURLException,org.openqa.selenium.InvalidElementStateException,java.rmi.UnexpectedException]]>
              </value>
            </param>
          </params>
          <reporter-output>
          </reporter-output>
        </test-method> <!-- Loginother -->
        <test-method status="PASS" signature="Loginother(java.lang.String, java.lang.String, java.lang.String, java.lang.reflect.Method)[pri:0, instance:com.DemoTest.Tests.WebDemoTest@4cb2c100]" name="Loginother" duration-ms="22690" started-at="2019-02-28T14:55:33Z" data-provider="hardCodedBrowsers" finished-at="2019-02-28T14:55:55Z">
          <params>
            <param index="0">
              <value>
                <![CDATA[chrome]]>
              </value>
            </param>
            <param index="1">
              <value>
                <![CDATA[latest]]>
              </value>
            </param>
            <param index="2">
              <value>
                <![CDATA[Windows 7]]>
              </value>
            </param>
            <param index="3">
              <value>
                <![CDATA[public void com.DemoTest.Tests.WebDemoTest.Loginother(java.lang.String,java.lang.String,java.lang.String,java.lang.reflect.Method) throws java.net.MalformedURLException,org.openqa.selenium.InvalidElementStateException,java.rmi.UnexpectedException]]>
              </value>
            </param>
          </params>
          <reporter-output>
          </reporter-output>
        </test-method> <!-- Loginother -->
        <test-method status="PASS" signature="tearDown(org.testng.ITestResult)[pri:0, instance:com.DemoTest.Tests.WebDemoTest@4cb2c100]" name="tearDown" is-config="true" duration-ms="377" started-at="2019-02-28T14:55:55Z" finished-at="2019-02-28T14:55:56Z">
          <params>
            <param index="0">
              <value>
                <![CDATA[[TestResult name=Loginother status=SUCCESS method=WebDemoTest.Loginother(java.lang.String, java.lang.String, java.lang.String, java.lang.reflect.Method)[pri:0, instance:com.DemoTest.Tests.WebDemoTest@4cb2c100] output={null}]]]>
              </value>
            </param>
          </params>
          <reporter-output>
          </reporter-output>
        </test-method> <!-- tearDown -->
        <test-method status="PASS" signature="tearDown(org.testng.ITestResult)[pri:0, instance:com.DemoTest.Tests.WebDemoTest@4cb2c100]" name="tearDown" is-config="true" duration-ms="410" started-at="2019-02-28T14:55:55Z" finished-at="2019-02-28T14:55:56Z">
          <params>
            <param index="0">
              <value>
                <![CDATA[[TestResult name=Loginother status=SUCCESS method=WebDemoTest.Loginother(java.lang.String, java.lang.String, java.lang.String, java.lang.reflect.Method)[pri:0, instance:com.DemoTest.Tests.WebDemoTest@4cb2c100] output={null}]]]>
              </value>
            </param>
          </params>
          <reporter-output>
          </reporter-output>
        </test-method> <!-- tearDown -->
        <test-method status="PASS" signature="tearDown(org.testng.ITestResult)[pri:0, instance:com.DemoTest.Tests.WebDemoTest@4cb2c100]" name="tearDown" is-config="true" duration-ms="521" started-at="2019-02-28T14:55:56Z" finished-at="2019-02-28T14:55:56Z">
          <params>
            <param index="0">
              <value>
                <![CDATA[[TestResult name=Loginother status=SUCCESS method=WebDemoTest.Loginother(java.lang.String, java.lang.String, java.lang.String, java.lang.reflect.Method)[pri:0, instance:com.DemoTest.Tests.WebDemoTest@4cb2c100] output={null}]]]>
              </value>
            </param>
          </params>
          <reporter-output>
          </reporter-output>
        </test-method> <!-- tearDown -->
        <test-method status="PASS" signature="tearDown(org.testng.ITestResult)[pri:0, instance:com.DemoTest.Tests.WebDemoTest@4cb2c100]" name="tearDown" is-config="true" duration-ms="520" started-at="2019-02-28T14:55:56Z" finished-at="2019-02-28T14:55:57Z">
          <params>
            <param index="0">
              <value>
                <![CDATA[[TestResult name=Loginother status=SUCCESS method=WebDemoTest.Loginother(java.lang.String, java.lang.String, java.lang.String, java.lang.reflect.Method)[pri:0, instance:com.DemoTest.Tests.WebDemoTest@4cb2c100] output={null}]]]>
              </value>
            </param>
          </params>
          <reporter-output>
          </reporter-output>
        </test-method> <!-- tearDown -->
        <test-method status="PASS" signature="tearDown(org.testng.ITestResult)[pri:0, instance:com.DemoTest.Tests.WebDemoTest@4cb2c100]" name="tearDown" is-config="true" duration-ms="795" started-at="2019-02-28T14:55:56Z" finished-at="2019-02-28T14:55:57Z">
          <params>
            <param index="0">
              <value>
                <![CDATA[[TestResult name=Loginother status=SUCCESS method=WebDemoTest.Loginother(java.lang.String, java.lang.String, java.lang.String, java.lang.reflect.Method)[pri:0, instance:com.DemoTest.Tests.WebDemoTest@4cb2c100] output={null}]]]>
              </value>
            </param>
          </params>
          <reporter-output>
          </reporter-output>
        </test-method> <!-- tearDown -->
        <test-method status="PASS" signature="tearDown(org.testng.ITestResult)[pri:0, instance:com.DemoTest.Tests.WebDemoTest@4cb2c100]" name="tearDown" is-config="true" duration-ms="372" started-at="2019-02-28T14:55:59Z" finished-at="2019-02-28T14:55:59Z">
          <params>
            <param index="0">
              <value>
                <![CDATA[[TestResult name=Loginother status=SUCCESS method=WebDemoTest.Loginother(java.lang.String, java.lang.String, java.lang.String, java.lang.reflect.Method)[pri:0, instance:com.DemoTest.Tests.WebDemoTest@4cb2c100] output={null}]]]>
              </value>
            </param>
          </params>
          <reporter-output>
          </reporter-output>
        </test-method> <!-- tearDown -->
        <test-method status="PASS" signature="tearDown(org.testng.ITestResult)[pri:0, instance:com.DemoTest.Tests.WebDemoTest@4cb2c100]" name="tearDown" is-config="true" duration-ms="3744" started-at="2019-02-28T14:56:01Z" finished-at="2019-02-28T14:56:05Z">
          <params>
            <param index="0">
              <value>
                <![CDATA[[TestResult name=Loginother status=SUCCESS method=WebDemoTest.Loginother(java.lang.String, java.lang.String, java.lang.String, java.lang.reflect.Method)[pri:0, instance:com.DemoTest.Tests.WebDemoTest@4cb2c100] output={null}]]]>
              </value>
            </param>
          </params>
          <reporter-output>
          </reporter-output>
        </test-method> <!-- tearDown -->
        <test-method status="PASS" signature="tearDown(org.testng.ITestResult)[pri:0, instance:com.DemoTest.Tests.WebDemoTest@4cb2c100]" name="tearDown" is-config="true" duration-ms="605" started-at="2019-02-28T14:56:02Z" finished-at="2019-02-28T14:56:03Z">
          <params>
            <param index="0">
              <value>
                <![CDATA[[TestResult name=Loginother status=SUCCESS method=WebDemoTest.Loginother(java.lang.String, java.lang.String, java.lang.String, java.lang.reflect.Method)[pri:0, instance:com.DemoTest.Tests.WebDemoTest@4cb2c100] output={null}]]]>
              </value>
            </param>
          </params>
          <reporter-output>
          </reporter-output>
        </test-method> <!-- tearDown -->
        <test-method status="PASS" signature="tearDown(org.testng.ITestResult)[pri:0, instance:com.DemoTest.Tests.WebDemoTest@4cb2c100]" name="tearDown" is-config="true" duration-ms="573" started-at="2019-02-28T14:56:05Z" finished-at="2019-02-28T14:56:05Z">
          <params>
            <param index="0">
              <value>
                <![CDATA[[TestResult name=Loginother status=SUCCESS method=WebDemoTest.Loginother(java.lang.String, java.lang.String, java.lang.String, java.lang.reflect.Method)[pri:0, instance:com.DemoTest.Tests.WebDemoTest@4cb2c100] output={null}]]]>
              </value>
            </param>
          </params>
          <reporter-output>
          </reporter-output>
        </test-method> <!-- tearDown -->
      </class> <!-- com.DemoTest.Tests.WebDemoTest -->
    </test> <!-- Command line test -->
  </suite> <!-- Command line suite -->
</testng-results>
