<?xml version="1.0" encoding="UTF-8" ?>
<testsuite tests="7" failures="3" name="TestSuite" time="181.241" errors="0" skipped="0">
  <properties>
[...]
</properties>
  <testcase classname="com.DemoTest.Tests.WebDemoTest" name="LoginTest" time="14.566">
    <failure message="expected [false] but found [true]" type="java.lang.AssertionError">java.lang.AssertionError: expected [false] but found [true]
	at org.testng.Assert.fail(Assert.java:94)
	at org.testng.Assert.failNotEquals(Assert.java:513)
	at org.testng.Assert.assertEqualsImpl(Assert.java:135)
	at org.testng.Assert.assertEquals(Assert.java:116)
	at org.testng.Assert.assertEquals(Assert.java:179)
	at com.DemoTest.Tests.WebDemoTest.LoginTest(WebDemoTest.java:40)
</failure>
    <system-out>Configuring TestNG with: org.apache.maven.surefire.testng.conf.TestNG652Configurator@35d176f7
Starting login function nowEnter username: standard_userEnter Password: secret_sauceClick Login buttonStarting login function nowEnter username: standard_userCan&apos;t execute login function: org.openqa.selenium.NoSuchElementException: Unable to find element with id == user-name (WARNING: The server did not provide any stacktrace information)
Command duration or timeout: 296 milliseconds
For documentation on this error, please visit: http://seleniumhq.org/exceptions/no_such_element.html
Build info: version: &apos;2.53.1&apos;, revision: &apos;a36b8b1&apos;, time: &apos;2016-06-30 17:37:03&apos;
System info: host: &apos;SAUCE-M5KOC5RP6&apos;, ip: &apos;10.119.36.112&apos;, os.name: &apos;Windows Server 2008 R2&apos;, os.arch: &apos;amd64&apos;, os.version: &apos;6.1&apos;, java.version: &apos;1.8.0_131&apos;
Driver info: org.openqa.selenium.ie.InternetExplorerDriver
Capabilities [{browserAttachTimeout=0, ie.enableFullPageScreenshot=true, enablePersistentHover=true, ie.forceCreateProcessApi=false, ie.forceShellWindowsApi=false, pageLoadStrategy=normal, ignoreZoomSetting=false, ie.fileUploadDialogTimeout=3000, version=11, platform=WINDOWS, nativeEvents=true, ie.ensureCleanSession=false, elementScrollBehavior=0, ie.browserCommandLineSwitches=, requireWindowFocus=false, browserName=internet explorer, initialBrowserUrl=about:blank, javascriptEnabled=true, ignoreProtectedModeSettings=false, enableElementCacheCleanup=true, unexpectedAlertBehaviour=dismiss}]
Session ID: XXXXXXXX-XXXX-XXXX-XXXX-XXXX5b63a694
*** Element info: {Using=id, value=user-name}
Command duration or timeout: 793 milliseconds
For documentation on this error, please visit: http://seleniumhq.org/exceptions/no_such_element.html
Build info: version: &apos;2.53.1&apos;, revision: &apos;a36b8b1cd5757287168e54b817830adce9b0158d&apos;, time: &apos;2016-06-30 19:26:09&apos;
System info: host: &apos;SL-1155.attlocal.net&apos;, ip: &apos;192.168.1.104&apos;, os.name: &apos;Mac OS X&apos;, os.arch: &apos;x86_64&apos;, os.version: &apos;10.14&apos;, java.version: &apos;11.0.2&apos;
Driver info: org.openqa.selenium.remote.RemoteWebDriver
Capabilities [{enablePersistentHover=true, ie.fileUploadDialogTimeout=3000, platform=WINDOWS, ie.ensureCleanSession=false, ie.browserCommandLineSwitches=, requireWindowFocus=false, takesScreenshot=true, browserName=internet explorer, javascriptEnabled=true, unexpectedAlertBehaviour=dismiss, browserAttachTimeout=0, ie.enableFullPageScreenshot=true, ie.forceCreateProcessApi=false, ie.forceShellWindowsApi=false, pageLoadStrategy=normal, ignoreZoomSetting=false, hasMetadata=true, version=11, nativeEvents=true, elementScrollBehavior=0, webdriver.remote.sessionid=ef95bc12fe324647bdd08edec0b9b5b4, initialBrowserUrl=about:blank, ignoreProtectedModeSettings=false, enableElementCacheCleanup=true, cssSelectorsEnabled=true}]
Session ID: ef95bc12fe324647bdd08edec0b9b5b4
*** Element info: {Using=id, value=user-name}</system-out>
  </testcase>
  <testcase classname="com.DemoTest.Tests.WebDemoTest" name="LoginTest" time="21.745">
    <failure message="expected [false] but found [true]" type="java.lang.AssertionError">java.lang.AssertionError: expected [false] but found [true]
	at org.testng.Assert.fail(Assert.java:94)
	at org.testng.Assert.failNotEquals(Assert.java:513)
	at org.testng.Assert.assertEqualsImpl(Assert.java:135)
	at org.testng.Assert.assertEquals(Assert.java:116)
	at org.testng.Assert.assertEquals(Assert.java:179)
	at com.DemoTest.Tests.WebDemoTest.LoginTest(WebDemoTest.java:40)
</failure>
    <system-out>Starting login function nowEnter username: standard_userEnter Password: secret_sauceClick on Hamburger iconStarting login function nowEnter username: standard_userClick Login buttonEnter Password: secret_sauceStarting login function nowEnter username: standard_userStarting login function nowEnter username: standard_userClick Login buttonEnter Password: secret_sauceEnter Password: secret_sauceClick Login buttonClick Login buttonStarting login function nowEnter username: standard_userPerforming validationClick on Hamburger iconCan&apos;t execute login function: org.openqa.selenium.NoSuchElementException: No such element (WARNING: The server did not provide any stacktrace information)
Command duration or timeout: 16 milliseconds
For documentation on this error, please visit: http://seleniumhq.org/exceptions/no_such_element.html
Build info: version: &apos;2.52.0&apos;, revision: &apos;4c2593c&apos;, time: &apos;2016-02-11 19:06:42&apos;
System info: host: &apos;sauce-win10&apos;, ip: &apos;172.20.116.104&apos;, os.name: &apos;Windows 10&apos;, os.arch: &apos;amd64&apos;, os.version: &apos;10.0&apos;, java.version: &apos;1.8.0_131&apos;
Driver info: org.openqa.selenium.edge.EdgeDriver
Capabilities [{applicationCacheEnabled=true, acceptSslCerts=true, browserVersion=38.14393.0.0, platformVersion=10, locationContextEnabled=true, webStorageEnabled=true, browserName=MicrosoftEdge, takesScreenshot=true, pageLoadStrategy=normal, takesElementScreenshot=true, platformName=windows, platform=ANY}]
Session ID: XXXXXXXX-XXXX-XXXX-XXXX-XXXX6B5F74FB
*** Element info: {Using=id, value=user-name}
Command duration or timeout: 1.58 seconds
For documentation on this error, please visit: http://seleniumhq.org/exceptions/no_such_element.html
Build info: version: &apos;2.53.1&apos;, revision: &apos;a36b8b1cd5757287168e54b817830adce9b0158d&apos;, time: &apos;2016-06-30 19:26:09&apos;
System info: host: &apos;SL-1155.attlocal.net&apos;, ip: &apos;192.168.1.104&apos;, os.name: &apos;Mac OS X&apos;, os.arch: &apos;x86_64&apos;, os.version: &apos;10.14&apos;, java.version: &apos;11.0.2&apos;
Driver info: org.openqa.selenium.remote.RemoteWebDriver
Capabilities [{applicationCacheEnabled=true, pageLoadStrategy=normal, hasMetadata=true, platform=ANY, acceptSslCerts=true, webdriver.remote.sessionid=9d086dc7d9dd44838879af73631a379d, browserVersion=38.14393.0.0, platformVersion=10, locationContextEnabled=true, webStorageEnabled=true, takesScreenshot=true, browserName=MicrosoftEdge, javascriptEnabled=true, takesElementScreenshot=true, platformName=windows, cssSelectorsEnabled=true}]
Session ID: 9d086dc7d9dd44838879af73631a379d
*** Element info: {Using=id, value=user-name}</system-out>
  </testcase>
  <testcase classname="com.DemoTest.Tests.WebDemoTest" name="LoginTest" time="23.986">
    <failure message="expected [false] but found [true]" type="java.lang.AssertionError">java.lang.AssertionError: expected [false] but found [true]
	at org.testng.Assert.fail(Assert.java:94)
	at org.testng.Assert.failNotEquals(Assert.java:513)
	at org.testng.Assert.assertEqualsImpl(Assert.java:135)
	at org.testng.Assert.assertEquals(Assert.java:116)
	at org.testng.Assert.assertEquals(Assert.java:179)
	at com.DemoTest.Tests.WebDemoTest.LoginTest(WebDemoTest.java:40)
</failure>
    <system-out>Click on Hamburger iconClick on Hamburger iconLogin Passed
Click on Hamburger iconCan&apos;t execute login function: org.openqa.selenium.NoSuchElementException: Could not find element: {&quot;using&quot;:&quot;css selector&quot;,&quot;value&quot;:&quot;#menu_button_container &gt; div &gt; div:nth-child(3) &gt; div &gt; button&quot;} (WARNING: The server did not provide any stacktrace information)
Command duration or timeout: 8 milliseconds
For documentation on this error, please visit: http://seleniumhq.org/exceptions/no_such_element.html
Build info: version: &apos;2.48.0&apos;, revision: &apos;b7b081a&apos;, time: &apos;2015-10-07 15:48:56&apos;
System info: host: &apos;itako48012.prod.miso&apos;, ip: &apos;172.20.48.12&apos;, os.name: &apos;Mac OS X&apos;, os.arch: &apos;x86_64&apos;, os.version: &apos;10.11.6&apos;, java.version: &apos;1.8.0_102&apos;
Driver info: org.openqa.selenium.safari.SafariDriver
Capabilities [{browserName=safari, takesScreenshot=true, javascriptEnabled=true, version=10.0.1, cssSelectorsEnabled=true, platform=MAC, secureSsl=true}]
Session ID: null
*** Element info: {Using=css selector, value=#menu_button_container &gt; div &gt; div:nth-child(3) &gt; div &gt; button}
Command duration or timeout: 220 milliseconds
For documentation on this error, please visit: http://seleniumhq.org/exceptions/no_such_element.html
Build info: version: &apos;2.53.1&apos;, revision: &apos;a36b8b1cd5757287168e54b817830adce9b0158d&apos;, time: &apos;2016-06-30 19:26:09&apos;
System info: host: &apos;SL-1155.attlocal.net&apos;, ip: &apos;192.168.1.104&apos;, os.name: &apos;Mac OS X&apos;, os.arch: &apos;x86_64&apos;, os.version: &apos;10.14&apos;, java.version: &apos;11.0.2&apos;
Driver info: org.openqa.selenium.remote.RemoteWebDriver
Capabilities [{webdriver.remote.sessionid=e2988cf1b83b44749ab8d39c1d3079e1, takesScreenshot=true, browserName=safari, javascriptEnabled=true, hasMetadata=true, version=10.0.1, cssSelectorsEnabled=true, platform=MAC, secureSsl=true}]
Session ID: e2988cf1b83b44749ab8d39c1d3079e1
*** Element info: {Using=css selector, value=#menu_button_container &gt; div &gt; div:nth-child(3) &gt; div &gt; button}</system-out>
  </testcase>
  <testcase classname="com.DemoTest.Tests.WebDemoTest" name="LoginTest" time="24.34"/>
  <testcase classname="com.DemoTest.Tests.WebDemoTest" name="LoginTest" time="30.798"/>
  <testcase classname="com.DemoTest.Tests.WebDemoTest" name="LoginTest" time="32.505"/>
  <testcase classname="com.DemoTest.Tests.WebDemoTest" name="LoginTest" time="33.301"/>
</testsuite>