-------------------------------------------------------------------------------
Test set: TestSuite
-------------------------------------------------------------------------------
Tests run: 21, Failures: 13, Errors: 0, Skipped: 0, Time elapsed: 147.405 sec <<< FAILURE!
Login(com.DemoTest.Tests.WebDemoTest)  Time elapsed: 15.086 sec  <<< FAILURE!
java.lang.AssertionError: expected [false] but found [true]
	at org.testng.Assert.fail(Assert.java:94)
	at org.testng.Assert.failNotEquals(Assert.java:513)
	at org.testng.Assert.assertEqualsImpl(Assert.java:135)
	at org.testng.Assert.assertEquals(Assert.java:116)
	at org.testng.Assert.assertEquals(Assert.java:179)
	at com.DemoTest.Tests.WebDemoTest.Login(WebDemoTest.java:40)

Login(com.DemoTest.Tests.WebDemoTest)  Time elapsed: 21.742 sec  <<< FAILURE!
java.lang.AssertionError: expected [false] but found [true]
	at org.testng.Assert.fail(Assert.java:94)
	at org.testng.Assert.failNotEquals(Assert.java:513)
	at org.testng.Assert.assertEqualsImpl(Assert.java:135)
	at org.testng.Assert.assertEquals(Assert.java:116)
	at org.testng.Assert.assertEquals(Assert.java:179)
	at com.DemoTest.Tests.WebDemoTest.Login(WebDemoTest.java:40)

Login(com.DemoTest.Tests.WebDemoTest)  Time elapsed: 22.756 sec  <<< FAILURE!
java.lang.AssertionError: expected [false] but found [true]
	at org.testng.Assert.fail(Assert.java:94)
	at org.testng.Assert.failNotEquals(Assert.java:513)
	at org.testng.Assert.assertEqualsImpl(Assert.java:135)
	at org.testng.Assert.assertEquals(Assert.java:116)
	at org.testng.Assert.assertEquals(Assert.java:179)
	at com.DemoTest.Tests.WebDemoTest.Login(WebDemoTest.java:40)

LoginLockedoutUser(com.DemoTest.Tests.WebDemoTest)  Time elapsed: 17.929 sec  <<< FAILURE!
java.lang.AssertionError: expected [false] but found [true]
	at org.testng.Assert.fail(Assert.java:94)
	at org.testng.Assert.failNotEquals(Assert.java:513)
	at org.testng.Assert.assertEqualsImpl(Assert.java:135)
	at org.testng.Assert.assertEquals(Assert.java:116)
	at org.testng.Assert.assertEquals(Assert.java:179)
	at com.DemoTest.Tests.WebDemoTest.LoginLockedoutUser(WebDemoTest.java:65)

LoginLockedoutUser(com.DemoTest.Tests.WebDemoTest)  Time elapsed: 18.89 sec  <<< FAILURE!
java.lang.AssertionError: expected [false] but found [true]
	at org.testng.Assert.fail(Assert.java:94)
	at org.testng.Assert.failNotEquals(Assert.java:513)
	at org.testng.Assert.assertEqualsImpl(Assert.java:135)
	at org.testng.Assert.assertEquals(Assert.java:116)
	at org.testng.Assert.assertEquals(Assert.java:179)
	at com.DemoTest.Tests.WebDemoTest.LoginLockedoutUser(WebDemoTest.java:65)

LoginLockedoutUser(com.DemoTest.Tests.WebDemoTest)  Time elapsed: 21.107 sec  <<< FAILURE!
java.lang.AssertionError: expected [false] but found [true]
	at org.testng.Assert.fail(Assert.java:94)
	at org.testng.Assert.failNotEquals(Assert.java:513)
	at org.testng.Assert.assertEqualsImpl(Assert.java:135)
	at org.testng.Assert.assertEquals(Assert.java:116)
	at org.testng.Assert.assertEquals(Assert.java:179)
	at com.DemoTest.Tests.WebDemoTest.LoginLockedoutUser(WebDemoTest.java:65)

LoginLockedoutUser(com.DemoTest.Tests.WebDemoTest)  Time elapsed: 22.048 sec  <<< FAILURE!
java.lang.AssertionError: expected [false] but found [true]
	at org.testng.Assert.fail(Assert.java:94)
	at org.testng.Assert.failNotEquals(Assert.java:513)
	at org.testng.Assert.assertEqualsImpl(Assert.java:135)
	at org.testng.Assert.assertEquals(Assert.java:116)
	at org.testng.Assert.assertEquals(Assert.java:179)
	at com.DemoTest.Tests.WebDemoTest.LoginLockedoutUser(WebDemoTest.java:65)

LoginLockedoutUser(com.DemoTest.Tests.WebDemoTest)  Time elapsed: 22.16 sec  <<< FAILURE!
java.lang.AssertionError: expected [false] but found [true]
	at org.testng.Assert.fail(Assert.java:94)
	at org.testng.Assert.failNotEquals(Assert.java:513)
	at org.testng.Assert.assertEqualsImpl(Assert.java:135)
	at org.testng.Assert.assertEquals(Assert.java:116)
	at org.testng.Assert.assertEquals(Assert.java:179)
	at com.DemoTest.Tests.WebDemoTest.LoginLockedoutUser(WebDemoTest.java:65)

LoginLockedoutUser(com.DemoTest.Tests.WebDemoTest)  Time elapsed: 23.892 sec  <<< FAILURE!
java.lang.AssertionError: expected [false] but found [true]
	at org.testng.Assert.fail(Assert.java:94)
	at org.testng.Assert.failNotEquals(Assert.java:513)
	at org.testng.Assert.assertEqualsImpl(Assert.java:135)
	at org.testng.Assert.assertEquals(Assert.java:116)
	at org.testng.Assert.assertEquals(Assert.java:179)
	at com.DemoTest.Tests.WebDemoTest.LoginLockedoutUser(WebDemoTest.java:65)

LoginLockedoutUser(com.DemoTest.Tests.WebDemoTest)  Time elapsed: 74.569 sec  <<< FAILURE!
java.lang.AssertionError: expected [false] but found [true]
	at org.testng.Assert.fail(Assert.java:94)
	at org.testng.Assert.failNotEquals(Assert.java:513)
	at org.testng.Assert.assertEqualsImpl(Assert.java:135)
	at org.testng.Assert.assertEquals(Assert.java:116)
	at org.testng.Assert.assertEquals(Assert.java:179)
	at com.DemoTest.Tests.WebDemoTest.LoginLockedoutUser(WebDemoTest.java:65)

LoginPerfGlitchUser(com.DemoTest.Tests.WebDemoTest)  Time elapsed: 20.204 sec  <<< FAILURE!
java.lang.AssertionError: expected [false] but found [true]
	at org.testng.Assert.fail(Assert.java:94)
	at org.testng.Assert.failNotEquals(Assert.java:513)
	at org.testng.Assert.assertEqualsImpl(Assert.java:135)
	at org.testng.Assert.assertEquals(Assert.java:116)
	at org.testng.Assert.assertEquals(Assert.java:179)
	at com.DemoTest.Tests.WebDemoTest.LoginPerfGlitchUser(WebDemoTest.java:90)

LoginPerfGlitchUser(com.DemoTest.Tests.WebDemoTest)  Time elapsed: 21.006 sec  <<< FAILURE!
java.lang.AssertionError: expected [false] but found [true]
	at org.testng.Assert.fail(Assert.java:94)
	at org.testng.Assert.failNotEquals(Assert.java:513)
	at org.testng.Assert.assertEqualsImpl(Assert.java:135)
	at org.testng.Assert.assertEquals(Assert.java:116)
	at org.testng.Assert.assertEquals(Assert.java:179)
	at com.DemoTest.Tests.WebDemoTest.LoginPerfGlitchUser(WebDemoTest.java:90)

LoginPerfGlitchUser(com.DemoTest.Tests.WebDemoTest)  Time elapsed: 26.354 sec  <<< FAILURE!
java.lang.AssertionError: expected [false] but found [true]
	at org.testng.Assert.fail(Assert.java:94)
	at org.testng.Assert.failNotEquals(Assert.java:513)
	at org.testng.Assert.assertEqualsImpl(Assert.java:135)
	at org.testng.Assert.assertEquals(Assert.java:116)
	at org.testng.Assert.assertEquals(Assert.java:179)
	at com.DemoTest.Tests.WebDemoTest.LoginPerfGlitchUser(WebDemoTest.java:90)

